#
# A fatal error has been detected by the Java Runtime Environment:
#
#  SIGSEGV (0xb) at pc=0x00007ff811352fc0, pid=25913, tid=41299
#
# JRE version: OpenJDK Runtime Environment Temurin-22.0.2+9 (22.0.2+9) (build 22.0.2+9)
# Java VM: OpenJDK 64-Bit Server VM Temurin-22.0.2+9 (22.0.2+9, mixed mode, tiered, compressed oops, compressed class ptrs, g1 gc, bsd-amd64)
# Problematic frame:
# C  [libsystem_platform.dylib+0x3fc0]  _sigtramp+0x0
#
# No core dump will be written. Core dumps have been disabled. To enable core dumping, try "ulimit -c unlimited" before starting Java again
#
# If you would like to submit a bug report, please visit:
#   https://github.com/adoptium/adoptium-support/issues
#

---------------  S U M M A R Y ------------

Command Line: -enableassertions -ea -Dfile.encoding=UTF-8 -Dstdout.encoding=UTF-8 -Dstderr.encoding=UTF-8 -XX:+ShowCodeDetailsInExceptionMessages org.eclipse.jdt.internal.junit.runner.RemoteTestRunner -version 3 -port 51673 -testLoaderClass org.eclipse.jdt.internal.junit4.runner.JUnit4TestLoader -loaderpluginname org.eclipse.jdt.junit4.runtime -classNames Map4Test1009

Host: "Mac14,2" x86_64 (EMULATED) 2400 MHz, 8 cores, 16G, Darwin 23.6.0, macOS 14.6.1 (23G93)
Time: Wed Sep 18 13:00:24 2024 EDT elapsed time: 0.835521 seconds (0d 0h 0m 0s)

---------------  T H R E A D  ---------------

Current thread (0x00007fa860941800):  JavaThread "ReaderThread"        [_thread_in_Java, id=41299, stack(0x000000030e05a000,0x000000030e15a000) (1024K)]

Stack: [0x000000030e05a000,0x000000030e15a000],  sp=0x000000030e158078,  free space=1016k
Native frames: (J=compiled Java code, j=interpreted, Vv=VM code, C=native code)
C  [libsystem_platform.dylib+0x3fc0]  _sigtramp+0x0
j  java.lang.StackTraceElement.of(Ljava/lang/Object;I)[Ljava/lang/StackTraceElement;+35 java.base@22.0.2
j  java.lang.Throwable.getOurStackTrace()[Ljava/lang/StackTraceElement;+33 java.base@22.0.2
j  java.lang.Throwable.getStackTrace()[Ljava/lang/StackTraceElement;+1 java.base@22.0.2
j  sun.nio.ch.NioSocketImpl.asSocketException(Ljava/lang/Exception;)Ljava/net/SocketException;+28 java.base@22.0.2
j  sun.nio.ch.NioSocketImpl.implRead([BII)I+200 java.base@22.0.2
j  sun.nio.ch.NioSocketImpl.read([BII)I+54 java.base@22.0.2
j  sun.nio.ch.NioSocketImpl$1.read([BII)I+7 java.base@22.0.2
j  java.net.Socket$SocketInputStream.implRead([BII)I+7 java.base@22.0.2
j  java.net.Socket$SocketInputStream.read([BII)I+10 java.base@22.0.2
j  sun.nio.cs.StreamDecoder.readBytes()I+117 java.base@22.0.2
j  sun.nio.cs.StreamDecoder.implRead([CII)I+112 java.base@22.0.2
j  sun.nio.cs.StreamDecoder.lockedRead([CII)I+158 java.base@22.0.2
j  sun.nio.cs.StreamDecoder.read([CII)I+30 java.base@22.0.2
j  java.io.InputStreamReader.read([CII)I+7 java.base@22.0.2
j  java.io.BufferedReader.fill()V+145 java.base@22.0.2
j  java.io.BufferedReader.implReadLine(Z[Z)Ljava/lang/String;+44 java.base@22.0.2
j  java.io.BufferedReader.readLine(Z[Z)Ljava/lang/String;+26 java.base@22.0.2
j  java.io.BufferedReader.readLine()Ljava/lang/String;+3 java.base@22.0.2
j  org.eclipse.jdt.internal.junit.runner.RemoteTestRunner$ReaderThread.run()V+9
v  ~StubRoutines::call_stub 0x000000011c050cc4
V  [libjvm.dylib+0x583368]  JavaCalls::call_helper(JavaValue*, methodHandle const&, JavaCallArguments*, JavaThread*)+0x2d8
V  [libjvm.dylib+0x582405]  JavaCalls::call_virtual(JavaValue*, Klass*, Symbol*, Symbol*, JavaCallArguments*, JavaThread*)+0x135
V  [libjvm.dylib+0x5824d3]  JavaCalls::call_virtual(JavaValue*, Handle, Klass*, Symbol*, Symbol*, JavaThread*)+0x63
V  [libjvm.dylib+0x650a15]  thread_entry(JavaThread*, JavaThread*)+0x95
V  [libjvm.dylib+0x595af9]  JavaThread::thread_main_inner()+0x99
V  [libjvm.dylib+0xb25658]  Thread::call_run()+0xa8
V  [libjvm.dylib+0x90b62e]  thread_native_entry(Thread*)+0x10e
C  [libsystem_pthread.dylib+0x618b]  _pthread_start+0x63
C  [libsystem_pthread.dylib+0x1ae3]  thread_start+0xf

siginfo: si_signo: 11 (SIGSEGV), si_code: 1 (SEGV_MAPERR), si_addr: 0x0000000000000008

Registers:
RAX=0x000000012ab51200, RBX=0x000000012a130bb8, RCX=0x000000010ca7f020, RDX=0x0000000000000017
RSP=0x000000030e158078, RBP=0x000000030e159110, RSI=0x0000000000000001, RDI=0x000000010e17d100
R8 =0x000000010ca7f088, R9 =0xa7021fcdf688bfc2, R10=0x000000010f1680c0, R11=0x000000011c074667
R12=0x0000000000000000, R13=0x000000012a130bb8, R14=0x000000030e159140, R15=0x00007fa860941800
RIP=0x00007ff811352fc0, EFLAGS=0x0000000000000203, ERR=0x0000000000000004
  TRAPNO=0x000000000000000e


Register to memory mapping:

RAX=0x000000012ab51200 is pointing into metadata
RBX={method} {0x000000012a130bb8} 'initStackTraceElements' '([Ljava/lang/StackTraceElement;Ljava/lang/Object;I)V' in 'java/lang/StackTraceElement'
RCX=0x000000010ca7f020 points into unknown readable memory: 0x0000000000000017 | 17 00 00 00 00 00 00 00
RDX=0x0000000000000017 is an unknown value
RSP=0x000000030e158078 is pointing into the stack for thread: 0x00007fa860941800
RBP=0x000000030e159110 is pointing into the stack for thread: 0x00007fa860941800
RSI=0x0000000000000001 is an unknown value
RDI=0x000000010e17d100: nullHandler+0 in /Users/markling/.p2/pool/plugins/org.eclipse.justj.openjdk.hotspot.jre.full.macosx.x86_64_22.0.2.v20240802-1626/jre/lib/libnio.dylib at 0x000000010e177000
R8 =0x000000010ca7f088 points into unknown readable memory: 0x0000000400000000 | 00 00 00 00 04 00 00 00
R9 =0xa7021fcdf688bfc2 is an unknown value
R10=0x000000010f1680c0: _ZN19TemplateInterpreter20_invoke_return_entryE+0 in /Users/markling/.p2/pool/plugins/org.eclipse.justj.openjdk.hotspot.jre.full.macosx.x86_64_22.0.2.v20240802-1626/jre/lib/server/libjvm.dylib at 0x000000010e2c0000
R11=0x000000011c074667 is at code_begin+2663 in 
[CodeBlob (0x000000011c073b90)]
Framesize: 0
BufferBlob (0x000000011c073b90) used for native signature handlers
R12=0x0 is null
R13={method} {0x000000012a130bb8} 'initStackTraceElements' '([Ljava/lang/StackTraceElement;Ljava/lang/Object;I)V' in 'java/lang/StackTraceElement'
R14=0x000000030e159140 is pointing into the stack for thread: 0x00007fa860941800
R15=0x00007fa860941800 is a thread

Top of Stack: (sp=0x000000030e158078)
0x000000030e158078:   00007fa860941800 000000015a149780
0x000000030e158088:   000000030e1580c8 000000030e1580b0
0x000000030e158098:   000000010e82290b 0000000000000000
0x000000030e1580a8:   000000030e1581a0 000000030e158190
0x000000030e1580b8:   000000010e680289 000000030e1580e0
0x000000030e1580c8:   000000015a149780 0000000000000000
0x000000030e1580d8:   0000000000000001 000000030e158100
0x000000030e1580e8:   000000010ebd1172 0000000000000100
0x000000030e1580f8:   0000000000000000 000000030e158120
0x000000030e158108:   000000010e910213 0000000000000000
0x000000030e158118:   000000010ef7f3ac 000000030e158230
0x000000030e158128:   000000010e5d867a 000000030e158140
0x000000030e158138:   000000010eb9e2d1 000000030e158170
0x000000030e158148:   000000010e67e5d8 0000000000000080
0x000000030e158158:   000000030e158360 ecda21c5ad160018
0x000000030e158168:   000000030e158360 0000000114b19010
0x000000030e158178:   00007fa860941800 0000000000000000
0x000000030e158188:   000000030e158360 0000000000000005
0x000000030e158198:   000000010eb90000 0000000000000000
0x000000030e1581a8:   0000000000000000 000000010cecb000
0x000000030e1581b8:   0000000000000010 0000000000000000
0x000000030e1581c8:   0000000000000001 000000030e158238
0x000000030e1581d8:   0000000000000001 000000030e158220
0x000000030e1581e8:   000000010ebc6845 000000010f157450
0x000000030e1581f8:   0000000000000010 0000600003b47540
0x000000030e158208:   000000030e1582e8 0000000000000000
0x000000030e158218:   0000000000000001 000000030e158270
0x000000030e158228:   000000010e419220 000000030e158270
0x000000030e158238:   000000010ebc6845 000000010f157450
0x000000030e158248:   0000000000000010 00007fa860972530
0x000000030e158258:   000000030e1582e0 0000000096c77f60
0x000000030e158268:   00007fa860941800 000000030e1582c0 

Instructions: (pc=0x00007ff811352fc0)
0x00007ff811352ec0:   8d 05 5a 03 00 00 c3 48 8d 05 72 29 00 00 c3 3d
0x00007ff811352ed0:   35 e8 65 1f 74 17 3d 8c b7 90 54 74 e2 48 8d 05
0x00007ff811352ee0:   fc d6 ff ff c3 48 8d 05 d4 30 00 00 c3 48 8d 05
0x00007ff811352ef0:   ec 02 00 00 c3 90 90 90 90 90 90 90 90 90 90 90
0x00007ff811352f00:   90 90 90 90 90 90 90 90 90 90 90 90 90 90 90 48
0x00007ff811352f10:   8d 05 aa 28 00 00 48 8d 15 c3 df ff ff 48 b9 20
0x00007ff811352f20:   00 e0 ff ff 7f 00 00 8b 09 81 e1 00 00 00 60 81
0x00007ff811352f30:   f9 00 00 00 60 48 0f 44 c2 c3 48 b8 10 00 e0 ff
0x00007ff811352f40:   ff 7f 00 00 f6 40 07 40 75 2b 8b 48 30 48 8d 05
0x00007ff811352f50:   0c 3b 00 00 81 f9 eb 5e 3b 57 7e 21 81 f9 ec 5e
0x00007ff811352f60:   3b 57 74 10 81 f9 d2 4c 5a 6b 74 08 81 f9 bc 4f
0x00007ff811352f70:   ea 78 75 19 c3 48 8d 05 ef 2d 00 00 c3 81 f9 35
0x00007ff811352f80:   e8 65 1f 74 10 81 f9 8c b7 90 54 74 e7 48 8d 05
0x00007ff811352f90:   ac da ff ff c3 48 8d 05 64 01 00 00 c3 b9 ff ff
0x00007ff811352fa0:   ff ff 31 c0 f0 0f b1 0f 0f 85 35 05 00 00 c3 c7
0x00007ff811352fb0:   07 00 00 00 00 c3 90 90 90 90 90 90 90 90 90 90
0x00007ff811352fc0:   55 48 89 e5 48 89 f8 ff 05 4b 54 3a 43 4c 89 c3
0x00007ff811352fd0:   4d 89 cc 89 d7 48 89 ce 4c 89 c2 ff d0 ff 0d 35
0x00007ff811352fe0:   54 3a 43 48 89 df be 1e 00 00 00 4c 89 e2 e8 17
0x00007ff811352ff0:   45 00 00 0f 0b c3 48 8b 07 ff 60 08 65 8b 0c 25
0x00007ff811353000:   18 00 00 00 31 c0 f0 0f b1 4f 08 0f 85 0f 00 00
0x00007ff811353010:   00 c3 48 8b 07 ff 60 18 c7 47 08 00 00 00 00 c3
0x00007ff811353020:   55 48 89 e5 41 57 41 56 41 55 41 54 53 50 49 89
0x00007ff811353030:   fe 65 8b 1c 25 18 00 00 00 ba 04 00 00 00 b9 01
0x00007ff811353040:   00 00 00 41 bd 64 00 00 00 45 31 ff 41 bc 01 00
0x00007ff811353050:   00 00 45 29 ec 45 89 e5 41 8b 46 08 85 c0 75 0a
0x00007ff811353060:   31 c0 f0 41 0f b1 5e 08 74 50 39 d8 74 5b 45 8d
0x00007ff811353070:   65 01 89 c7 41 83 fc 02 74 2c 89 55 d4 8b 75 d4
0x00007ff811353080:   89 4d d0 8b 55 d0 e8 3f 45 00 00 8b 55 d4 8b 4d
0x00007ff811353090:   d0 41 f6 c7 01 74 be ff c1 41 f7 dd ba 05 00 00
0x00007ff8113530a0:   00 41 b7 01 eb a6 be 05 00 00 00 41 89 cf 89 ca
0x00007ff8113530b0:   e8 15 45 00 00 44 89 f9 eb dd 48 83 c4 08 5b 41 


Stack slot to memory mapping:

stack at sp + 0 slots: 0x00007fa860941800 is a thread
stack at sp + 1 slots: 0x000000015a149780 is a pointer to class: 
java.net.SocketException {0x000000015a149780}
 - instance size:     5
 - klass size:        75
 - access:            public synchronized 
 - flags:             rewritten has_nonstatic_fields has_localvariable_table 
 - state:             fully_initialized
 - name:              'java/net/SocketException'
 - super:             'java/io/IOException'
 - sub:               'sun/net/ConnectionResetException'   
 - arrays:            null
 - methods:           Array<T>(0x000000012ab5c9f8)
 - method ordering:   Array<T>(0x000000012a000018)
 - default_methods:   Array<T>(0x0000000000000000)
 - local interfaces:  Array<T>(0x000000012a000048)
 - trans. interfaces: Array<T>(0x000000012a031af0)
 - constants:         constant pool [34] {0x000000012ab5c888} for 'java/net/SocketException' cache=0x000000012ab5cdc8
 - class loader data:  loader data: 0x0000600002e51180 of 'bootstrap'
 - source file:       'SocketException.java'
 - class annotations:       Array<T>(0x0000000000000000)
 - class type annotations:  Array<T>(0x0000000000000000)
 - field annotations:       Array<T>(0x0000000000000000)
 - field type annotations:  Array<T>(0x0000000000000000)
 - inner classes:     Array<T>(0x000000012a000020)
 - nest members:     Array<T>(0x000000012a000020)
 - permitted subclasses:     Array<T>(0x000000012a000020)
 - java mirror:       a 'java/lang/Class'{0x000000070e400390} = 'java/net/SocketException'
 - vtable length      15  (start addr: 0x000000015a149948)
 - itable length      2 (start addr: 0x000000015a1499c0)
 - ---- static fields (1 words):
 - private static final 'serialVersionUID' 'J' @112 
 - ---- non-static fields (6 words):
 - private transient 'depth' 'I' @12 
 - private transient 'backtrace' 'Ljava/lang/Object;' @16 
 - private 'detailMessage' 'Ljava/lang/String;' @20 
 - private 'cause' 'Ljava/lang/Throwable;' @24 
 - private 'stackTrace' '[Ljava/lang/StackTraceElement;' @28 
 - private 'suppressedExceptions' 'Ljava/util/List;' @32 
 - non-static oop maps: 16-32 
stack at sp + 2 slots: 0x000000030e1580c8 is pointing into the stack for thread: 0x00007fa860941800
stack at sp + 3 slots: 0x000000030e1580b0 is pointing into the stack for thread: 0x00007fa860941800
stack at sp + 4 slots: 0x000000010e82290b: _ZN22ClassHierarchyIterator4nextEv+0x3b in /Users/markling/.p2/pool/plugins/org.eclipse.justj.openjdk.hotspot.jre.full.macosx.x86_64_22.0.2.v20240802-1626/jre/lib/server/libjvm.dylib at 0x000000010e2c0000
stack at sp + 5 slots: 0x0 is null
stack at sp + 6 slots: 0x000000030e1581a0 is pointing into the stack for thread: 0x00007fa860941800
stack at sp + 7 slots: 0x000000030e158190 is pointing into the stack for thread: 0x00007fa860941800


---------------  P R O C E S S  ---------------

Threads class SMR info:
_java_thread_list=0x0000600001f027a0, length=11, elements={
0x00007fa860809400, 0x00007fa85981d800, 0x00007fa85981e600, 0x00007fa861809c00,
0x00007fa8608da600, 0x00007fa86180a400, 0x00007fa86180ac00, 0x00007fa86180b400,
0x00007fa8608ba800, 0x00007fa8608bb000, 0x00007fa860941800
}

Java Threads: ( => current thread )
  0x00007fa860809400 JavaThread "main"                              [_thread_blocked, id=16131, stack(0x000000030cd90000,0x000000030ce90000) (1024K)]
  0x00007fa85981d800 JavaThread "Reference Handler"          daemon [_thread_blocked, id=25159, stack(0x000000030d73f000,0x000000030d83f000) (1024K)]
  0x00007fa85981e600 JavaThread "Finalizer"                  daemon [_thread_blocked, id=27651, stack(0x000000030d842000,0x000000030d942000) (1024K)]
  0x00007fa861809c00 JavaThread "Signal Dispatcher"          daemon [_thread_blocked, id=26627, stack(0x000000030d945000,0x000000030da45000) (1024K)]
  0x00007fa8608da600 JavaThread "Service Thread"             daemon [_thread_blocked, id=43267, stack(0x000000030da48000,0x000000030db48000) (1024K)]
  0x00007fa86180a400 JavaThread "Monitor Deflation Thread"   daemon [_thread_blocked, id=33027, stack(0x000000030db4b000,0x000000030dc4b000) (1024K)]
  0x00007fa86180ac00 JavaThread "C2 CompilerThread0"         daemon [_thread_in_native, id=33539, stack(0x000000030dc4e000,0x000000030dd4e000) (1024K)]
  0x00007fa86180b400 JavaThread "C1 CompilerThread0"         daemon [_thread_blocked, id=34307, stack(0x000000030dd51000,0x000000030de51000) (1024K)]
  0x00007fa8608ba800 JavaThread "Notification Thread"        daemon [_thread_blocked, id=42467, stack(0x000000030de54000,0x000000030df54000) (1024K)]
  0x00007fa8608bb000 JavaThread "Common-Cleaner"             daemon [_thread_blocked, id=34843, stack(0x000000030df57000,0x000000030e057000) (1024K)]
=>0x00007fa860941800 JavaThread "ReaderThread"                      [_thread_in_Java, id=41299, stack(0x000000030e05a000,0x000000030e15a000) (1024K)]
Total: 11

Other Threads:
  0x00007fa85ff059c0 VMThread "VM Thread"                           [id=22019, stack(0x000000030d4a5000,0x000000030d5a5000) (1024K)]
  0x00007fa86100db20 WatcherThread "VM Periodic Task Thread"        [id=18435, stack(0x000000030d3a2000,0x000000030d4a2000) (1024K)]
  0x00007fa861008750 WorkerThread "GC Thread#0"                     [id=16899, stack(0x000000030ce93000,0x000000030cf93000) (1024K)]
  0x00007fa861116d40 WorkerThread "GC Thread#1"                     [id=40707, stack(0x000000030e15d000,0x000000030e25d000) (1024K)]
  0x00007fa8611172b0 WorkerThread "GC Thread#2"                     [id=36611, stack(0x000000030e260000,0x000000030e360000) (1024K)]
  0x00007fa861117820 WorkerThread "GC Thread#3"                     [id=37123, stack(0x000000030e363000,0x000000030e463000) (1024K)]
  0x00007fa861117d90 WorkerThread "GC Thread#4"                     [id=37635, stack(0x000000030e466000,0x000000030e566000) (1024K)]
  0x00007fa861118300 WorkerThread "GC Thread#5"                     [id=40451, stack(0x000000030e569000,0x000000030e669000) (1024K)]
  0x00007fa861008ef0 ConcurrentGCThread "G1 Main Marker"            [id=21507, stack(0x000000030cf96000,0x000000030d096000) (1024K)]
  0x00007fa861009870 WorkerThread "G1 Conc#0"                       [id=17667, stack(0x000000030d099000,0x000000030d199000) (1024K)]
  0x00007fa8608aee00 ConcurrentGCThread "G1 Refine#0"               [id=20483, stack(0x000000030d19c000,0x000000030d29c000) (1024K)]
  0x00007fa86100c790 ConcurrentGCThread "G1 Service"                [id=20227, stack(0x000000030d29f000,0x000000030d39f000) (1024K)]
Total: 12

Threads with active compile tasks:
C2 CompilerThread0  848  823       4       java.lang.StackTraceElement::toString (298 bytes)
Total: 1

VM state: not at safepoint (normal execution)

VM Mutex/Monitor currently owned by a thread: None

OutOfMemory and StackOverflow Exception counts:
StackOverflowErrors=12
LinkageErrors=8

Heap address: 0x0000000700000000, size: 4096 MB, Compressed Oops mode: Zero based, Oop shift amount: 3

CDS archive(s) not mapped
Compressed class space mapped at: 0x000000015a000000-0x000000019a000000, reserved size: 1073741824
Narrow klass base: 0x0000000000000000, Narrow klass shift: 3, Narrow klass range: 0x19a000000

GC Precious Log:
 CardTable entry size: 512
 Card Set container configuration: InlinePtr #cards 4 size 8 Array Of Cards #cards 16 size 48 Howl #buckets 8 coarsen threshold 3686 Howl Bitmap #cards 512 size 80 coarsen threshold 460 Card regions per heap region 1 cards per card region 4096
 CPUs: 8 total, 8 available
 Memory: 16384M
 Large Page Support: Disabled
 NUMA Support: Disabled
 Compressed Oops: Enabled (Zero based)
 Heap Region Size: 2M
 Heap Min Capacity: 8M
 Heap Initial Capacity: 256M
 Heap Max Capacity: 4G
 Pre-touch: Disabled
 Parallel Workers: 8
 Concurrent Workers: 2
 Concurrent Refinement Workers: 8
 Periodic GC: Disabled

Heap:
 garbage-first heap   total reserved 4194304K, committed 262144K, used 40586K [0x0000000700000000, 0x0000000800000000)
  region size 2048K, 15 young (30720K), 1 survivors (2048K)
 Metaspace       used 11858K, committed 11968K, reserved 1114112K
  class space    used 1085K, committed 1152K, reserved 1048576K

Heap Regions: E=young(eden), S=young(survivor), O=old, HS=humongous(starts), HC=humongous(continues), CS=collection set, F=free, TAMS=top-at-mark-start, PB=parsable bottom
|   0|0x0000000700000000, 0x0000000700200000, 0x0000000700200000|100%| O|  |TAMS 0x0000000700000000| PB 0x0000000700000000| Untracked |  0
|   1|0x0000000700200000, 0x0000000700400000, 0x0000000700400000|100%| O|  |TAMS 0x0000000700200000| PB 0x0000000700200000| Untracked |  0
|   2|0x0000000700400000, 0x0000000700600000, 0x0000000700600000|100%| O|  |TAMS 0x0000000700400000| PB 0x0000000700400000| Untracked |  0
|   3|0x0000000700600000, 0x0000000700800000, 0x0000000700800000|100%| O|  |TAMS 0x0000000700600000| PB 0x0000000700600000| Untracked |  0
|   4|0x0000000700800000, 0x0000000700a00000, 0x0000000700a00000|100%| O|  |TAMS 0x0000000700800000| PB 0x0000000700800000| Untracked |  0
|   5|0x0000000700a00000, 0x0000000700c00000, 0x0000000700c00000|100%| O|  |TAMS 0x0000000700a00000| PB 0x0000000700a00000| Untracked |  0
|   6|0x0000000700c00000, 0x0000000700c77d30, 0x0000000700e00000| 23%| O|  |TAMS 0x0000000700c00000| PB 0x0000000700c00000| Untracked |  0
|   7|0x0000000700e00000, 0x0000000700e00000, 0x0000000701000000|  0%| F|  |TAMS 0x0000000700e00000| PB 0x0000000700e00000| Untracked |  0
|   8|0x0000000701000000, 0x0000000701000000, 0x0000000701200000|  0%| F|  |TAMS 0x0000000701000000| PB 0x0000000701000000| Untracked |  0
|   9|0x0000000701200000, 0x0000000701200000, 0x0000000701400000|  0%| F|  |TAMS 0x0000000701200000| PB 0x0000000701200000| Untracked |  0
|  10|0x0000000701400000, 0x0000000701400000, 0x0000000701600000|  0%| F|  |TAMS 0x0000000701400000| PB 0x0000000701400000| Untracked |  0
|  11|0x0000000701600000, 0x0000000701600000, 0x0000000701800000|  0%| F|  |TAMS 0x0000000701600000| PB 0x0000000701600000| Untracked |  0
|  12|0x0000000701800000, 0x0000000701800000, 0x0000000701a00000|  0%| F|  |TAMS 0x0000000701800000| PB 0x0000000701800000| Untracked |  0
|  13|0x0000000701a00000, 0x0000000701a00000, 0x0000000701c00000|  0%| F|  |TAMS 0x0000000701a00000| PB 0x0000000701a00000| Untracked |  0
|  14|0x0000000701c00000, 0x0000000701c00000, 0x0000000701e00000|  0%| F|  |TAMS 0x0000000701c00000| PB 0x0000000701c00000| Untracked |  0
|  15|0x0000000701e00000, 0x0000000701e00000, 0x0000000702000000|  0%| F|  |TAMS 0x0000000701e00000| PB 0x0000000701e00000| Untracked |  0
|  16|0x0000000702000000, 0x0000000702000000, 0x0000000702200000|  0%| F|  |TAMS 0x0000000702000000| PB 0x0000000702000000| Untracked |  0
|  17|0x0000000702200000, 0x0000000702200000, 0x0000000702400000|  0%| F|  |TAMS 0x0000000702200000| PB 0x0000000702200000| Untracked |  0
|  18|0x0000000702400000, 0x0000000702400000, 0x0000000702600000|  0%| F|  |TAMS 0x0000000702400000| PB 0x0000000702400000| Untracked |  0
|  19|0x0000000702600000, 0x0000000702600000, 0x0000000702800000|  0%| F|  |TAMS 0x0000000702600000| PB 0x0000000702600000| Untracked |  0
|  20|0x0000000702800000, 0x0000000702800000, 0x0000000702a00000|  0%| F|  |TAMS 0x0000000702800000| PB 0x0000000702800000| Untracked |  0
|  21|0x0000000702a00000, 0x0000000702a00000, 0x0000000702c00000|  0%| F|  |TAMS 0x0000000702a00000| PB 0x0000000702a00000| Untracked |  0
|  22|0x0000000702c00000, 0x0000000702c00000, 0x0000000702e00000|  0%| F|  |TAMS 0x0000000702c00000| PB 0x0000000702c00000| Untracked |  0
|  23|0x0000000702e00000, 0x0000000702e00000, 0x0000000703000000|  0%| F|  |TAMS 0x0000000702e00000| PB 0x0000000702e00000| Untracked |  0
|  24|0x0000000703000000, 0x0000000703000000, 0x0000000703200000|  0%| F|  |TAMS 0x0000000703000000| PB 0x0000000703000000| Untracked |  0
|  25|0x0000000703200000, 0x0000000703200000, 0x0000000703400000|  0%| F|  |TAMS 0x0000000703200000| PB 0x0000000703200000| Untracked |  0
|  26|0x0000000703400000, 0x0000000703400000, 0x0000000703600000|  0%| F|  |TAMS 0x0000000703400000| PB 0x0000000703400000| Untracked |  0
|  27|0x0000000703600000, 0x0000000703600000, 0x0000000703800000|  0%| F|  |TAMS 0x0000000703600000| PB 0x0000000703600000| Untracked |  0
|  28|0x0000000703800000, 0x0000000703800000, 0x0000000703a00000|  0%| F|  |TAMS 0x0000000703800000| PB 0x0000000703800000| Untracked |  0
|  29|0x0000000703a00000, 0x0000000703a00000, 0x0000000703c00000|  0%| F|  |TAMS 0x0000000703a00000| PB 0x0000000703a00000| Untracked |  0
|  30|0x0000000703c00000, 0x0000000703c00000, 0x0000000703e00000|  0%| F|  |TAMS 0x0000000703c00000| PB 0x0000000703c00000| Untracked |  0
|  31|0x0000000703e00000, 0x0000000703e00000, 0x0000000704000000|  0%| F|  |TAMS 0x0000000703e00000| PB 0x0000000703e00000| Untracked |  0
|  32|0x0000000704000000, 0x0000000704000000, 0x0000000704200000|  0%| F|  |TAMS 0x0000000704000000| PB 0x0000000704000000| Untracked |  0
|  33|0x0000000704200000, 0x0000000704200000, 0x0000000704400000|  0%| F|  |TAMS 0x0000000704200000| PB 0x0000000704200000| Untracked |  0
|  34|0x0000000704400000, 0x0000000704400000, 0x0000000704600000|  0%| F|  |TAMS 0x0000000704400000| PB 0x0000000704400000| Untracked |  0
|  35|0x0000000704600000, 0x0000000704600000, 0x0000000704800000|  0%| F|  |TAMS 0x0000000704600000| PB 0x0000000704600000| Untracked |  0
|  36|0x0000000704800000, 0x0000000704800000, 0x0000000704a00000|  0%| F|  |TAMS 0x0000000704800000| PB 0x0000000704800000| Untracked |  0
|  37|0x0000000704a00000, 0x0000000704a00000, 0x0000000704c00000|  0%| F|  |TAMS 0x0000000704a00000| PB 0x0000000704a00000| Untracked |  0
|  38|0x0000000704c00000, 0x0000000704c00000, 0x0000000704e00000|  0%| F|  |TAMS 0x0000000704c00000| PB 0x0000000704c00000| Untracked |  0
|  39|0x0000000704e00000, 0x0000000704e00000, 0x0000000705000000|  0%| F|  |TAMS 0x0000000704e00000| PB 0x0000000704e00000| Untracked |  0
|  40|0x0000000705000000, 0x0000000705000000, 0x0000000705200000|  0%| F|  |TAMS 0x0000000705000000| PB 0x0000000705000000| Untracked |  0
|  41|0x0000000705200000, 0x0000000705200000, 0x0000000705400000|  0%| F|  |TAMS 0x0000000705200000| PB 0x0000000705200000| Untracked |  0
|  42|0x0000000705400000, 0x0000000705400000, 0x0000000705600000|  0%| F|  |TAMS 0x0000000705400000| PB 0x0000000705400000| Untracked |  0
|  43|0x0000000705600000, 0x0000000705600000, 0x0000000705800000|  0%| F|  |TAMS 0x0000000705600000| PB 0x0000000705600000| Untracked |  0
|  44|0x0000000705800000, 0x0000000705800000, 0x0000000705a00000|  0%| F|  |TAMS 0x0000000705800000| PB 0x0000000705800000| Untracked |  0
|  45|0x0000000705a00000, 0x0000000705a00000, 0x0000000705c00000|  0%| F|  |TAMS 0x0000000705a00000| PB 0x0000000705a00000| Untracked |  0
|  46|0x0000000705c00000, 0x0000000705c00000, 0x0000000705e00000|  0%| F|  |TAMS 0x0000000705c00000| PB 0x0000000705c00000| Untracked |  0
|  47|0x0000000705e00000, 0x0000000705e00000, 0x0000000706000000|  0%| F|  |TAMS 0x0000000705e00000| PB 0x0000000705e00000| Untracked |  0
|  48|0x0000000706000000, 0x0000000706000000, 0x0000000706200000|  0%| F|  |TAMS 0x0000000706000000| PB 0x0000000706000000| Untracked |  0
|  49|0x0000000706200000, 0x0000000706200000, 0x0000000706400000|  0%| F|  |TAMS 0x0000000706200000| PB 0x0000000706200000| Untracked |  0
|  50|0x0000000706400000, 0x0000000706400000, 0x0000000706600000|  0%| F|  |TAMS 0x0000000706400000| PB 0x0000000706400000| Untracked |  0
|  51|0x0000000706600000, 0x0000000706600000, 0x0000000706800000|  0%| F|  |TAMS 0x0000000706600000| PB 0x0000000706600000| Untracked |  0
|  52|0x0000000706800000, 0x0000000706800000, 0x0000000706a00000|  0%| F|  |TAMS 0x0000000706800000| PB 0x0000000706800000| Untracked |  0
|  53|0x0000000706a00000, 0x0000000706a00000, 0x0000000706c00000|  0%| F|  |TAMS 0x0000000706a00000| PB 0x0000000706a00000| Untracked |  0
|  54|0x0000000706c00000, 0x0000000706c00000, 0x0000000706e00000|  0%| F|  |TAMS 0x0000000706c00000| PB 0x0000000706c00000| Untracked |  0
|  55|0x0000000706e00000, 0x0000000706e00000, 0x0000000707000000|  0%| F|  |TAMS 0x0000000706e00000| PB 0x0000000706e00000| Untracked |  0
|  56|0x0000000707000000, 0x0000000707000000, 0x0000000707200000|  0%| F|  |TAMS 0x0000000707000000| PB 0x0000000707000000| Untracked |  0
|  57|0x0000000707200000, 0x0000000707200000, 0x0000000707400000|  0%| F|  |TAMS 0x0000000707200000| PB 0x0000000707200000| Untracked |  0
|  58|0x0000000707400000, 0x0000000707400000, 0x0000000707600000|  0%| F|  |TAMS 0x0000000707400000| PB 0x0000000707400000| Untracked |  0
|  59|0x0000000707600000, 0x0000000707600000, 0x0000000707800000|  0%| F|  |TAMS 0x0000000707600000| PB 0x0000000707600000| Untracked |  0
|  60|0x0000000707800000, 0x0000000707800000, 0x0000000707a00000|  0%| F|  |TAMS 0x0000000707800000| PB 0x0000000707800000| Untracked |  0
|  61|0x0000000707a00000, 0x0000000707a00000, 0x0000000707c00000|  0%| F|  |TAMS 0x0000000707a00000| PB 0x0000000707a00000| Untracked |  0
|  62|0x0000000707c00000, 0x0000000707c00000, 0x0000000707e00000|  0%| F|  |TAMS 0x0000000707c00000| PB 0x0000000707c00000| Untracked |  0
|  63|0x0000000707e00000, 0x0000000707e00000, 0x0000000708000000|  0%| F|  |TAMS 0x0000000707e00000| PB 0x0000000707e00000| Untracked |  0
|  64|0x0000000708000000, 0x0000000708000000, 0x0000000708200000|  0%| F|  |TAMS 0x0000000708000000| PB 0x0000000708000000| Untracked |  0
|  65|0x0000000708200000, 0x0000000708200000, 0x0000000708400000|  0%| F|  |TAMS 0x0000000708200000| PB 0x0000000708200000| Untracked |  0
|  66|0x0000000708400000, 0x0000000708400000, 0x0000000708600000|  0%| F|  |TAMS 0x0000000708400000| PB 0x0000000708400000| Untracked |  0
|  67|0x0000000708600000, 0x0000000708600000, 0x0000000708800000|  0%| F|  |TAMS 0x0000000708600000| PB 0x0000000708600000| Untracked |  0
|  68|0x0000000708800000, 0x0000000708800000, 0x0000000708a00000|  0%| F|  |TAMS 0x0000000708800000| PB 0x0000000708800000| Untracked |  0
|  69|0x0000000708a00000, 0x0000000708a00000, 0x0000000708c00000|  0%| F|  |TAMS 0x0000000708a00000| PB 0x0000000708a00000| Untracked |  0
|  70|0x0000000708c00000, 0x0000000708c00000, 0x0000000708e00000|  0%| F|  |TAMS 0x0000000708c00000| PB 0x0000000708c00000| Untracked |  0
|  71|0x0000000708e00000, 0x0000000708e00000, 0x0000000709000000|  0%| F|  |TAMS 0x0000000708e00000| PB 0x0000000708e00000| Untracked |  0
|  72|0x0000000709000000, 0x0000000709000000, 0x0000000709200000|  0%| F|  |TAMS 0x0000000709000000| PB 0x0000000709000000| Untracked |  0
|  73|0x0000000709200000, 0x0000000709200000, 0x0000000709400000|  0%| F|  |TAMS 0x0000000709200000| PB 0x0000000709200000| Untracked |  0
|  74|0x0000000709400000, 0x0000000709400000, 0x0000000709600000|  0%| F|  |TAMS 0x0000000709400000| PB 0x0000000709400000| Untracked |  0
|  75|0x0000000709600000, 0x0000000709600000, 0x0000000709800000|  0%| F|  |TAMS 0x0000000709600000| PB 0x0000000709600000| Untracked |  0
|  76|0x0000000709800000, 0x0000000709800000, 0x0000000709a00000|  0%| F|  |TAMS 0x0000000709800000| PB 0x0000000709800000| Untracked |  0
|  77|0x0000000709a00000, 0x0000000709a00000, 0x0000000709c00000|  0%| F|  |TAMS 0x0000000709a00000| PB 0x0000000709a00000| Untracked |  0
|  78|0x0000000709c00000, 0x0000000709c00000, 0x0000000709e00000|  0%| F|  |TAMS 0x0000000709c00000| PB 0x0000000709c00000| Untracked |  0
|  79|0x0000000709e00000, 0x0000000709e00000, 0x000000070a000000|  0%| F|  |TAMS 0x0000000709e00000| PB 0x0000000709e00000| Untracked |  0
|  80|0x000000070a000000, 0x000000070a000000, 0x000000070a200000|  0%| F|  |TAMS 0x000000070a000000| PB 0x000000070a000000| Untracked |  0
|  81|0x000000070a200000, 0x000000070a200000, 0x000000070a400000|  0%| F|  |TAMS 0x000000070a200000| PB 0x000000070a200000| Untracked |  0
|  82|0x000000070a400000, 0x000000070a400000, 0x000000070a600000|  0%| F|  |TAMS 0x000000070a400000| PB 0x000000070a400000| Untracked |  0
|  83|0x000000070a600000, 0x000000070a600000, 0x000000070a800000|  0%| F|  |TAMS 0x000000070a600000| PB 0x000000070a600000| Untracked |  0
|  84|0x000000070a800000, 0x000000070a800000, 0x000000070aa00000|  0%| F|  |TAMS 0x000000070a800000| PB 0x000000070a800000| Untracked |  0
|  85|0x000000070aa00000, 0x000000070aa00000, 0x000000070ac00000|  0%| F|  |TAMS 0x000000070aa00000| PB 0x000000070aa00000| Untracked |  0
|  86|0x000000070ac00000, 0x000000070ac00000, 0x000000070ae00000|  0%| F|  |TAMS 0x000000070ac00000| PB 0x000000070ac00000| Untracked |  0
|  87|0x000000070ae00000, 0x000000070ae00000, 0x000000070b000000|  0%| F|  |TAMS 0x000000070ae00000| PB 0x000000070ae00000| Untracked |  0
|  88|0x000000070b000000, 0x000000070b000000, 0x000000070b200000|  0%| F|  |TAMS 0x000000070b000000| PB 0x000000070b000000| Untracked |  0
|  89|0x000000070b200000, 0x000000070b200000, 0x000000070b400000|  0%| F|  |TAMS 0x000000070b200000| PB 0x000000070b200000| Untracked |  0
|  90|0x000000070b400000, 0x000000070b52ac68, 0x000000070b600000| 58%| S|CS|TAMS 0x000000070b400000| PB 0x000000070b400000| Complete |  0
|  91|0x000000070b600000, 0x000000070b600000, 0x000000070b800000|  0%| F|  |TAMS 0x000000070b600000| PB 0x000000070b600000| Untracked |  0
|  92|0x000000070b800000, 0x000000070b800000, 0x000000070ba00000|  0%| F|  |TAMS 0x000000070b800000| PB 0x000000070b800000| Untracked |  0
|  93|0x000000070ba00000, 0x000000070ba00000, 0x000000070bc00000|  0%| F|  |TAMS 0x000000070ba00000| PB 0x000000070ba00000| Untracked |  0
|  94|0x000000070bc00000, 0x000000070bc00000, 0x000000070be00000|  0%| F|  |TAMS 0x000000070bc00000| PB 0x000000070bc00000| Untracked |  0
|  95|0x000000070be00000, 0x000000070be00000, 0x000000070c000000|  0%| F|  |TAMS 0x000000070be00000| PB 0x000000070be00000| Untracked |  0
|  96|0x000000070c000000, 0x000000070c000000, 0x000000070c200000|  0%| F|  |TAMS 0x000000070c000000| PB 0x000000070c000000| Untracked |  0
|  97|0x000000070c200000, 0x000000070c200000, 0x000000070c400000|  0%| F|  |TAMS 0x000000070c200000| PB 0x000000070c200000| Untracked |  0
|  98|0x000000070c400000, 0x000000070c400000, 0x000000070c600000|  0%| F|  |TAMS 0x000000070c400000| PB 0x000000070c400000| Untracked |  0
|  99|0x000000070c600000, 0x000000070c600000, 0x000000070c800000|  0%| F|  |TAMS 0x000000070c600000| PB 0x000000070c600000| Untracked |  0
| 100|0x000000070c800000, 0x000000070c800000, 0x000000070ca00000|  0%| F|  |TAMS 0x000000070c800000| PB 0x000000070c800000| Untracked |  0
| 101|0x000000070ca00000, 0x000000070ca00000, 0x000000070cc00000|  0%| F|  |TAMS 0x000000070ca00000| PB 0x000000070ca00000| Untracked |  0
| 102|0x000000070cc00000, 0x000000070cc00000, 0x000000070ce00000|  0%| F|  |TAMS 0x000000070cc00000| PB 0x000000070cc00000| Untracked |  0
| 103|0x000000070ce00000, 0x000000070ce00000, 0x000000070d000000|  0%| F|  |TAMS 0x000000070ce00000| PB 0x000000070ce00000| Untracked |  0
| 104|0x000000070d000000, 0x000000070d000000, 0x000000070d200000|  0%| F|  |TAMS 0x000000070d000000| PB 0x000000070d000000| Untracked |  0
| 105|0x000000070d200000, 0x000000070d200000, 0x000000070d400000|  0%| F|  |TAMS 0x000000070d200000| PB 0x000000070d200000| Untracked |  0
| 106|0x000000070d400000, 0x000000070d400000, 0x000000070d600000|  0%| F|  |TAMS 0x000000070d400000| PB 0x000000070d400000| Untracked |  0
| 107|0x000000070d600000, 0x000000070d600000, 0x000000070d800000|  0%| F|  |TAMS 0x000000070d600000| PB 0x000000070d600000| Untracked |  0
| 108|0x000000070d800000, 0x000000070d800000, 0x000000070da00000|  0%| F|  |TAMS 0x000000070d800000| PB 0x000000070d800000| Untracked |  0
| 109|0x000000070da00000, 0x000000070da00000, 0x000000070dc00000|  0%| F|  |TAMS 0x000000070da00000| PB 0x000000070da00000| Untracked |  0
| 110|0x000000070dc00000, 0x000000070dc00000, 0x000000070de00000|  0%| F|  |TAMS 0x000000070dc00000| PB 0x000000070dc00000| Untracked |  0
| 111|0x000000070de00000, 0x000000070de00000, 0x000000070e000000|  0%| F|  |TAMS 0x000000070de00000| PB 0x000000070de00000| Untracked |  0
| 112|0x000000070e000000, 0x000000070e000000, 0x000000070e200000|  0%| F|  |TAMS 0x000000070e000000| PB 0x000000070e000000| Untracked |  0
| 113|0x000000070e200000, 0x000000070e200000, 0x000000070e400000|  0%| F|  |TAMS 0x000000070e200000| PB 0x000000070e200000| Untracked |  0
| 114|0x000000070e400000, 0x000000070e4b8530, 0x000000070e600000| 36%| E|  |TAMS 0x000000070e400000| PB 0x000000070e400000| Complete |  0
| 115|0x000000070e600000, 0x000000070e800000, 0x000000070e800000|100%| E|CS|TAMS 0x000000070e600000| PB 0x000000070e600000| Complete |  0
| 116|0x000000070e800000, 0x000000070ea00000, 0x000000070ea00000|100%| E|CS|TAMS 0x000000070e800000| PB 0x000000070e800000| Complete |  0
| 117|0x000000070ea00000, 0x000000070ec00000, 0x000000070ec00000|100%| E|CS|TAMS 0x000000070ea00000| PB 0x000000070ea00000| Complete |  0
| 118|0x000000070ec00000, 0x000000070ee00000, 0x000000070ee00000|100%| E|CS|TAMS 0x000000070ec00000| PB 0x000000070ec00000| Complete |  0
| 119|0x000000070ee00000, 0x000000070f000000, 0x000000070f000000|100%| E|CS|TAMS 0x000000070ee00000| PB 0x000000070ee00000| Complete |  0
| 120|0x000000070f000000, 0x000000070f200000, 0x000000070f200000|100%| E|CS|TAMS 0x000000070f000000| PB 0x000000070f000000| Complete |  0
| 121|0x000000070f200000, 0x000000070f400000, 0x000000070f400000|100%| E|CS|TAMS 0x000000070f200000| PB 0x000000070f200000| Complete |  0
| 122|0x000000070f400000, 0x000000070f600000, 0x000000070f600000|100%| E|CS|TAMS 0x000000070f400000| PB 0x000000070f400000| Complete |  0
| 123|0x000000070f600000, 0x000000070f800000, 0x000000070f800000|100%| E|CS|TAMS 0x000000070f600000| PB 0x000000070f600000| Complete |  0
| 124|0x000000070f800000, 0x000000070fa00000, 0x000000070fa00000|100%| E|CS|TAMS 0x000000070f800000| PB 0x000000070f800000| Complete |  0
| 125|0x000000070fa00000, 0x000000070fc00000, 0x000000070fc00000|100%| E|CS|TAMS 0x000000070fa00000| PB 0x000000070fa00000| Complete |  0
| 126|0x000000070fc00000, 0x000000070fe00000, 0x000000070fe00000|100%| E|CS|TAMS 0x000000070fc00000| PB 0x000000070fc00000| Complete |  0
| 127|0x000000070fe00000, 0x0000000710000000, 0x0000000710000000|100%| E|CS|TAMS 0x000000070fe00000| PB 0x000000070fe00000| Complete |  0

Card table byte_map: [0x000000010d7cf000,0x000000010dfcf000] _byte_map_base: 0x0000000109fcf000

Marking Bits: (CMBitMap*) 0x00007fa86082e610
 Bits: [0x0000000123b19000, 0x0000000127b19000)

Polling page: 0x000000010454f000

Metaspace:

Usage:
  Non-class:     10.52 MB used.
      Class:      1.06 MB used.
       Both:     11.58 MB used.

Virtual space:
  Non-class space:       64.00 MB reserved,      10.56 MB ( 17%) committed,  1 nodes.
      Class space:        1.00 GB reserved,       1.12 MB ( <1%) committed,  1 nodes.
             Both:        1.06 GB reserved,      11.69 MB (  1%) committed. 

Chunk freelists:
   Non-Class:  4.83 MB
       Class:  14.72 MB
        Both:  19.55 MB

MaxMetaspaceSize: unlimited
CompressedClassSpaceSize: 1.00 GB
Initial GC threshold: 21.00 MB
Current GC threshold: 21.00 MB
CDS: off
 - commit_granule_bytes: 65536.
 - commit_granule_words: 8192.
 - virtual_space_node_default_size: 8388608.
 - enlarge_chunks_in_place: 1.
 - use_allocation_guard: 0.


Internal statistics:

num_allocs_failed_limit: 0.
num_arena_births: 36.
num_arena_deaths: 0.
num_vsnodes_births: 2.
num_vsnodes_deaths: 0.
num_space_committed: 187.
num_space_uncommitted: 0.
num_chunks_returned_to_freelist: 0.
num_chunks_taken_from_freelist: 101.
num_chunk_merges: 0.
num_chunk_splits: 45.
num_chunks_enlarged: 30.
num_inconsistent_stats: 0.

CodeHeap 'non-profiled nmethods': size=120028Kb used=293Kb max_used=293Kb free=119734Kb
 bounds [0x000000011c5e2000, 0x000000011c852000, 0x0000000123b19000]
CodeHeap 'profiled nmethods': size=120028Kb used=1363Kb max_used=1363Kb free=118665Kb
 bounds [0x0000000114b19000, 0x0000000114d89000, 0x000000011c050000]
CodeHeap 'non-nmethods': size=5704Kb used=1346Kb max_used=1364Kb free=4357Kb
 bounds [0x000000011c050000, 0x000000011c2c0000, 0x000000011c5e2000]
 total_blobs=1289 nmethods=825 adapters=371
 compilation: enabled
              stopped_count=0, restarted_count=0
 full_count=0

Compilation events (20 events):
Event: 0.798 Thread 0x00007fa86180b400  821       3       java.util.concurrent.locks.ReentrantLock$Sync::tryRelease (51 bytes)
Event: 0.798 Thread 0x00007fa86180b400 nmethod 821 0x0000000114c6bf10 code [0x0000000114c6c0e0, 0x0000000114c6c458]
Event: 0.803 Thread 0x00007fa86180ac00 nmethod 818 0x000000011c626f90 code [0x000000011c6271c0, 0x000000011c6280f8]
Event: 0.803 Thread 0x00007fa86180ac00  819   !   4       java.io.PrintWriter::implNewLine (48 bytes)
Event: 0.809 Thread 0x00007fa86180b400  824       3       java.nio.ByteBuffer::position (8 bytes)
Event: 0.810 Thread 0x00007fa86180b400 nmethod 824 0x0000000114c6c510 code [0x0000000114c6c6a0, 0x0000000114c6c7e8]
Event: 0.812 Thread 0x00007fa86180ac00 nmethod 819 0x000000011c628990 code [0x000000011c628ba0, 0x000000011c629788]
Event: 0.812 Thread 0x00007fa86180ac00  820       4       java.lang.Throwable$WrappedPrintWriter::println (9 bytes)
Event: 0.813 Thread 0x00007fa86180ac00 nmethod 820 0x000000011c629e10 code [0x000000011c629fc0, 0x000000011c62a310]
Event: 0.813 Thread 0x00007fa86180ac00  822   !   4       java.io.PrintWriter::println (87 bytes)
Event: 0.814 Thread 0x00007fa86180ac00 nmethod 822 0x000000011c62a690 code [0x000000011c62a840, 0x000000011c62ab50]
Event: 0.814 Thread 0x00007fa86180ac00  823       4       java.lang.StackTraceElement::toString (298 bytes)
Event: 0.818 Thread 0x00007fa86180b400  825       3       java.nio.Buffer::hasRemaining (17 bytes)
Event: 0.818 Thread 0x00007fa86180b400 nmethod 825 0x0000000114c6c890 code [0x0000000114c6ca20, 0x0000000114c6cb80]
Event: 0.824 Thread 0x00007fa86180b400  827       3       java.io.BufferedWriter::ensureOpen (18 bytes)
Event: 0.825 Thread 0x00007fa86180b400 nmethod 827 0x0000000114c6cc10 code [0x0000000114c6cdc0, 0x0000000114c6cfd8]
Event: 0.829 Thread 0x00007fa86180b400  828       1       java.security.MessageDigest::getAlgorithm (5 bytes)
Event: 0.829 Thread 0x00007fa86180b400 nmethod 828 0x000000011c62b210 code [0x000000011c62b3a0, 0x000000011c62b468]
Event: 0.830 Thread 0x00007fa86180b400  829       3       java.io.UnixFileSystem::normalize (41 bytes)
Event: 0.830 Thread 0x00007fa86180b400 nmethod 829 0x0000000114c6d110 code [0x0000000114c6d340, 0x0000000114c6d950]

GC Heap History (6 events):
Event: 0.692 GC heap before
{Heap before GC invocations=0 (full 0):
 garbage-first heap   total reserved 4194304K, committed 262144K, used 24576K [0x0000000700000000, 0x0000000800000000)
  region size 2048K, 12 young (24576K), 0 survivors (0K)
 Metaspace       used 11820K, committed 11968K, reserved 1114112K
  class space    used 1078K, committed 1152K, reserved 1048576K
}
Event: 0.713 GC heap after
{Heap after GC invocations=1 (full 0):
 garbage-first heap   total reserved 4194304K, committed 262144K, used 11621K [0x0000000700000000, 0x0000000800000000)
  region size 2048K, 2 young (4096K), 2 survivors (4096K)
 Metaspace       used 11820K, committed 11968K, reserved 1114112K
  class space    used 1078K, committed 1152K, reserved 1048576K
}
Event: 0.740 GC heap before
{Heap before GC invocations=1 (full 0):
 garbage-first heap   total reserved 4194304K, committed 262144K, used 36197K [0x0000000700000000, 0x0000000800000000)
  region size 2048K, 14 young (28672K), 2 survivors (4096K)
 Metaspace       used 11821K, committed 11968K, reserved 1114112K
  class space    used 1078K, committed 1152K, reserved 1048576K
}
Event: 0.751 GC heap after
{Heap after GC invocations=2 (full 0):
 garbage-first heap   total reserved 4194304K, committed 262144K, used 16863K [0x0000000700000000, 0x0000000800000000)
  region size 2048K, 2 young (4096K), 2 survivors (4096K)
 Metaspace       used 11821K, committed 11968K, reserved 1114112K
  class space    used 1078K, committed 1152K, reserved 1048576K
}
Event: 0.810 GC heap before
{Heap before GC invocations=2 (full 0):
 garbage-first heap   total reserved 4194304K, committed 262144K, used 88543K [0x0000000700000000, 0x0000000800000000)
  region size 2048K, 37 young (75776K), 2 survivors (4096K)
 Metaspace       used 11828K, committed 11968K, reserved 1114112K
  class space    used 1078K, committed 1152K, reserved 1048576K
}
Event: 0.811 GC heap after
{Heap after GC invocations=3 (full 0):
 garbage-first heap   total reserved 4194304K, committed 262144K, used 13962K [0x0000000700000000, 0x0000000800000000)
  region size 2048K, 1 young (2048K), 1 survivors (2048K)
 Metaspace       used 11828K, committed 11968K, reserved 1114112K
  class space    used 1078K, committed 1152K, reserved 1048576K
}

Dll operation events (8 events):
Event: 0.006 Loaded shared library /Users/markling/.p2/pool/plugins/org.eclipse.justj.openjdk.hotspot.jre.full.macosx.x86_64_22.0.2.v20240802-1626/jre/lib/libjava.dylib
Event: 0.010 Loaded shared library /Users/markling/.p2/pool/plugins/org.eclipse.justj.openjdk.hotspot.jre.full.macosx.x86_64_22.0.2.v20240802-1626/jre/lib/libzip.dylib
Event: 0.143 Loaded shared library /Users/markling/.p2/pool/plugins/org.eclipse.justj.openjdk.hotspot.jre.full.macosx.x86_64_22.0.2.v20240802-1626/jre/lib/libnio.dylib
Event: 0.152 Loaded shared library /Users/markling/.p2/pool/plugins/org.eclipse.justj.openjdk.hotspot.jre.full.macosx.x86_64_22.0.2.v20240802-1626/jre/lib/libzip.dylib
Event: 0.377 Loaded shared library /Users/markling/.p2/pool/plugins/org.eclipse.justj.openjdk.hotspot.jre.full.macosx.x86_64_22.0.2.v20240802-1626/jre/lib/libjimage.dylib
Event: 0.443 Loaded shared library /Users/markling/.p2/pool/plugins/org.eclipse.justj.openjdk.hotspot.jre.full.macosx.x86_64_22.0.2.v20240802-1626/jre/lib/libnet.dylib
Event: 0.454 Loaded shared library /Users/markling/.p2/pool/plugins/org.eclipse.justj.openjdk.hotspot.jre.full.macosx.x86_64_22.0.2.v20240802-1626/jre/lib/libextnet.dylib
Event: 0.472 Loaded shared library /Users/markling/.p2/pool/plugins/org.eclipse.justj.openjdk.hotspot.jre.full.macosx.x86_64_22.0.2.v20240802-1626/jre/lib/libverify.dylib

Deoptimization events (20 events):
Event: 0.503 Thread 0x00007fa860809400 DEOPT PACKING pc=0x0000000114b8ad2c sp=0x000000030ce8d220
Event: 0.503 Thread 0x00007fa860809400 DEOPT UNPACKING pc=0x000000011c0a4710 sp=0x000000030ce8c6d8 mode 0
Event: 0.610 Thread 0x00007fa860809400 DEOPT PACKING pc=0x0000000114b39da6 sp=0x000000030ce8eca0
Event: 0.610 Thread 0x00007fa860809400 DEOPT UNPACKING pc=0x000000011c0a4710 sp=0x000000030ce8e110 mode 0
Event: 0.736 Thread 0x00007fa860809400 DEOPT PACKING pc=0x0000000114c66b41 sp=0x000000030ce8e970
Event: 0.736 Thread 0x00007fa860809400 DEOPT UNPACKING pc=0x000000011c0a4710 sp=0x000000030ce8de30 mode 0
Event: 0.736 Thread 0x00007fa860809400 DEOPT PACKING pc=0x0000000114c67081 sp=0x000000030ce8e4e0
Event: 0.736 Thread 0x00007fa860809400 DEOPT UNPACKING pc=0x000000011c0a4710 sp=0x000000030ce8d998 mode 0
Event: 0.737 Thread 0x00007fa860809400 DEOPT PACKING pc=0x0000000114c66b41 sp=0x000000030ce8e970
Event: 0.737 Thread 0x00007fa860809400 DEOPT UNPACKING pc=0x000000011c0a4710 sp=0x000000030ce8de30 mode 0
Event: 0.737 Thread 0x00007fa860809400 DEOPT PACKING pc=0x0000000114c67081 sp=0x000000030ce8e4e0
Event: 0.737 Thread 0x00007fa860809400 DEOPT UNPACKING pc=0x000000011c0a4710 sp=0x000000030ce8d998 mode 0
Event: 0.737 Thread 0x00007fa860809400 DEOPT PACKING pc=0x0000000114c66b41 sp=0x000000030ce8e970
Event: 0.737 Thread 0x00007fa860809400 DEOPT UNPACKING pc=0x000000011c0a4710 sp=0x000000030ce8de30 mode 0
Event: 0.737 Thread 0x00007fa860809400 DEOPT PACKING pc=0x0000000114c67081 sp=0x000000030ce8e4e0
Event: 0.737 Thread 0x00007fa860809400 DEOPT UNPACKING pc=0x000000011c0a4710 sp=0x000000030ce8d998 mode 0
Event: 0.737 Thread 0x00007fa860809400 DEOPT PACKING pc=0x0000000114c66b41 sp=0x000000030ce8e970
Event: 0.738 Thread 0x00007fa860809400 DEOPT UNPACKING pc=0x000000011c0a4710 sp=0x000000030ce8de30 mode 0
Event: 0.738 Thread 0x00007fa860809400 DEOPT PACKING pc=0x0000000114c67081 sp=0x000000030ce8e4e0
Event: 0.738 Thread 0x00007fa860809400 DEOPT UNPACKING pc=0x000000011c0a4710 sp=0x000000030ce8d998 mode 0

Classes loaded (20 events):
Event: 0.831 Loading class java/net/StandardSocketOptions$StdSocketOption
Event: 0.831 Loading class java/net/StandardSocketOptions$StdSocketOption done
Event: 0.831 Loading class sun/nio/ch/SocketOptionRegistry
Event: 0.831 Loading class sun/nio/ch/SocketOptionRegistry done
Event: 0.831 Loading class sun/nio/ch/SocketOptionRegistry$RegistryKey
Event: 0.831 Loading class sun/nio/ch/SocketOptionRegistry$RegistryKey done
Event: 0.831 Loading class sun/nio/ch/SocketOptionRegistry$LazyInitialization
Event: 0.831 Loading class sun/nio/ch/SocketOptionRegistry$LazyInitialization done
Event: 0.831 Loading class sun/nio/ch/OptionKey
Event: 0.831 Loading class sun/nio/ch/OptionKey done
Event: 0.831 Loading class sun/nio/ch/ExtendedSocketOption
Event: 0.831 Loading class sun/nio/ch/ExtendedSocketOption done
Event: 0.831 Loading class sun/nio/ch/ExtendedSocketOption$1
Event: 0.831 Loading class sun/nio/ch/ExtendedSocketOption$1 done
Event: 0.832 Loading class java/io/InterruptedIOException
Event: 0.832 Loading class java/io/InterruptedIOException done
Event: 0.832 Loading class sun/net/ConnectionResetException
Event: 0.832 Loading class java/net/SocketException
Event: 0.832 Loading class java/net/SocketException done
Event: 0.832 Loading class sun/net/ConnectionResetException done

Classes unloaded (0 events):
No events

Classes redefined (0 events):
No events

Internal exceptions (20 events):
Event: 0.719 Thread 0x00007fa860809400 Exception <a 'java/lang/StackOverflowError'{0x000000070fd37100}> (0x000000070fd37100) 
thrown [src/hotspot/share/runtime/sharedRuntime.cpp, line 628]
Event: 0.733 Thread 0x00007fa860809400 StackOverflowError at 0x000000011c61b060
Event: 0.734 Thread 0x00007fa860809400 Exception <a 'java/lang/StackOverflowError'{0x000000070ee0f030}> (0x000000070ee0f030) 
thrown [src/hotspot/share/runtime/sharedRuntime.cpp, line 628]
Event: 0.754 Thread 0x00007fa860809400 StackOverflowError at 0x000000011c61b060
Event: 0.754 Thread 0x00007fa860809400 Exception <a 'java/lang/StackOverflowError'{0x000000070fae6608}> (0x000000070fae6608) 
thrown [src/hotspot/share/runtime/sharedRuntime.cpp, line 628]
Event: 0.767 Thread 0x00007fa860809400 StackOverflowError at 0x000000011c61b060
Event: 0.767 Thread 0x00007fa860809400 Exception <a 'java/lang/StackOverflowError'{0x000000070efda688}> (0x000000070efda688) 
thrown [src/hotspot/share/runtime/sharedRuntime.cpp, line 628]
Event: 0.774 Thread 0x00007fa860809400 StackOverflowError at 0x000000011c61b060
Event: 0.774 Thread 0x00007fa860809400 Exception <a 'java/lang/StackOverflowError'{0x000000070dcb21d8}> (0x000000070dcb21d8) 
thrown [src/hotspot/share/runtime/sharedRuntime.cpp, line 628]
Event: 0.784 Thread 0x00007fa860809400 StackOverflowError at 0x000000011c61b060
Event: 0.784 Thread 0x00007fa860809400 Exception <a 'java/lang/StackOverflowError'{0x000000070d189828}> (0x000000070d189828) 
thrown [src/hotspot/share/runtime/sharedRuntime.cpp, line 628]
Event: 0.794 Thread 0x00007fa860809400 StackOverflowError at 0x000000011c61b060
Event: 0.794 Thread 0x00007fa860809400 Exception <a 'java/lang/StackOverflowError'{0x000000070c260dd8}> (0x000000070c260dd8) 
thrown [src/hotspot/share/runtime/sharedRuntime.cpp, line 628]
Event: 0.805 Thread 0x00007fa860809400 StackOverflowError at 0x000000011c61b060
Event: 0.805 Thread 0x00007fa860809400 Exception <a 'java/lang/StackOverflowError'{0x000000070b737f18}> (0x000000070b737f18) 
thrown [src/hotspot/share/runtime/sharedRuntime.cpp, line 628]
Event: 0.814 Thread 0x00007fa860809400 StackOverflowError at 0x000000011c61b060
Event: 0.814 Thread 0x00007fa860809400 Exception <a 'java/lang/StackOverflowError'{0x000000070f20b2e0}> (0x000000070f20b2e0) 
thrown [src/hotspot/share/runtime/sharedRuntime.cpp, line 628]
Event: 0.822 Thread 0x00007fa860809400 StackOverflowError at 0x000000011c61b060
Event: 0.822 Thread 0x00007fa860809400 Exception <a 'java/lang/StackOverflowError'{0x000000070e6dd680}> (0x000000070e6dd680) 
thrown [src/hotspot/share/runtime/sharedRuntime.cpp, line 628]
Event: 0.832 Thread 0x00007fa860941800 Exception <a 'java/io/IOException'{0x000000070e400040}> (0x000000070e400040) 
thrown [src/hotspot/share/prims/jni.cpp, line 520]

ZGC Phase Switch (0 events):
No events

VM Operations (14 events):
Event: 0.198 Executing VM operation: HandshakeAllThreads (Deoptimize)
Event: 0.198 Executing VM operation: HandshakeAllThreads (Deoptimize) done
Event: 0.217 Executing VM operation: HandshakeAllThreads (Deoptimize)
Event: 0.218 Executing VM operation: HandshakeAllThreads (Deoptimize) done
Event: 0.288 Executing VM operation: HandshakeAllThreads (Deoptimize)
Event: 0.288 Executing VM operation: HandshakeAllThreads (Deoptimize) done
Event: 0.647 Executing VM operation: HandshakeAllThreads (Deoptimize)
Event: 0.647 Executing VM operation: HandshakeAllThreads (Deoptimize) done
Event: 0.690 Executing VM operation: G1CollectForAllocation (G1 Evacuation Pause)
Event: 0.714 Executing VM operation: G1CollectForAllocation (G1 Evacuation Pause) done
Event: 0.740 Executing VM operation: G1CollectForAllocation (G1 Evacuation Pause)
Event: 0.751 Executing VM operation: G1CollectForAllocation (G1 Evacuation Pause) done
Event: 0.810 Executing VM operation: G1CollectForAllocation (G1 Evacuation Pause)
Event: 0.811 Executing VM operation: G1CollectForAllocation (G1 Evacuation Pause) done

Memory protections (20 events):
Event: 0.719 Protecting memory [0x000000030cd91000,0x000000030cd94000] with protection modes 3
Event: 0.719 Protecting memory [0x000000030cd91000,0x000000030cd94000] with protection modes 0
Event: 0.733 Protecting memory [0x000000030cd91000,0x000000030cd94000] with protection modes 3
Event: 0.734 Protecting memory [0x000000030cd91000,0x000000030cd94000] with protection modes 0
Event: 0.754 Protecting memory [0x000000030cd91000,0x000000030cd94000] with protection modes 3
Event: 0.754 Protecting memory [0x000000030cd91000,0x000000030cd94000] with protection modes 0
Event: 0.767 Protecting memory [0x000000030cd91000,0x000000030cd94000] with protection modes 3
Event: 0.767 Protecting memory [0x000000030cd91000,0x000000030cd94000] with protection modes 0
Event: 0.774 Protecting memory [0x000000030cd91000,0x000000030cd94000] with protection modes 3
Event: 0.774 Protecting memory [0x000000030cd91000,0x000000030cd94000] with protection modes 0
Event: 0.784 Protecting memory [0x000000030cd91000,0x000000030cd94000] with protection modes 3
Event: 0.784 Protecting memory [0x000000030cd91000,0x000000030cd94000] with protection modes 0
Event: 0.794 Protecting memory [0x000000030cd91000,0x000000030cd94000] with protection modes 3
Event: 0.794 Protecting memory [0x000000030cd91000,0x000000030cd94000] with protection modes 0
Event: 0.805 Protecting memory [0x000000030cd91000,0x000000030cd94000] with protection modes 3
Event: 0.805 Protecting memory [0x000000030cd91000,0x000000030cd94000] with protection modes 0
Event: 0.814 Protecting memory [0x000000030cd91000,0x000000030cd94000] with protection modes 3
Event: 0.814 Protecting memory [0x000000030cd91000,0x000000030cd94000] with protection modes 0
Event: 0.822 Protecting memory [0x000000030cd91000,0x000000030cd94000] with protection modes 3
Event: 0.822 Protecting memory [0x000000030cd91000,0x000000030cd94000] with protection modes 0

Nmethod flushes (0 events):
No events

Events (11 events):
Event: 0.009 Thread 0x00007fa860809400 Thread added: 0x00007fa860809400
Event: 0.055 Thread 0x00007fa860809400 Thread added: 0x00007fa85981d800
Event: 0.056 Thread 0x00007fa860809400 Thread added: 0x00007fa85981e600
Event: 0.058 Thread 0x00007fa860809400 Thread added: 0x00007fa861809c00
Event: 0.059 Thread 0x00007fa860809400 Thread added: 0x00007fa8608da600
Event: 0.059 Thread 0x00007fa860809400 Thread added: 0x00007fa86180a400
Event: 0.059 Thread 0x00007fa860809400 Thread added: 0x00007fa86180ac00
Event: 0.060 Thread 0x00007fa860809400 Thread added: 0x00007fa86180b400
Event: 0.131 Thread 0x00007fa860809400 Thread added: 0x00007fa8608ba800
Event: 0.136 Thread 0x00007fa860809400 Thread added: 0x00007fa8608bb000
Event: 0.466 Thread 0x00007fa860809400 Thread added: 0x00007fa860941800


Dynamic libraries:
0x000000010cf41000 	/Users/markling/.p2/pool/plugins/org.eclipse.justj.openjdk.hotspot.jre.full.macosx.x86_64_22.0.2.v20240802-1626/jre/lib/libjli.dylib
0x00007ff82cb73000 	/System/Library/Frameworks/Cocoa.framework/Versions/A/Cocoa
0x00007ff814992000 	/System/Library/Frameworks/AppKit.framework/Versions/C/AppKit
0x00007ff817cfd000 	/System/Library/Frameworks/CoreData.framework/Versions/A/CoreData
0x00007ff8122b6000 	/System/Library/Frameworks/Foundation.framework/Versions/C/Foundation
0x00007ff81ec5c000 	/usr/lib/libSystem.B.dylib
0x00007ff815dc3000 	/System/Library/PrivateFrameworks/UIFoundation.framework/Versions/A/UIFoundation
0x00007ffb1ad8d000 	/System/Library/PrivateFrameworks/CollectionViewCore.framework/Versions/A/CollectionViewCore
0x00007ff82633d000 	/System/Library/PrivateFrameworks/RemoteViewServices.framework/Versions/A/RemoteViewServices
0x00007ff81c578000 	/System/Library/PrivateFrameworks/XCTTargetBootstrap.framework/Versions/A/XCTTargetBootstrap
0x00007ff821736000 	/System/Library/PrivateFrameworks/InternationalSupport.framework/Versions/A/InternationalSupport
0x00007ff82178a000 	/System/Library/PrivateFrameworks/UserActivity.framework/Versions/A/UserActivity
0x00007ffc1d12e000 	/System/Library/PrivateFrameworks/WindowManagement.framework/Versions/A/WindowManagement
0x00007ff811f65000 	/System/Library/Frameworks/SystemConfiguration.framework/Versions/A/SystemConfiguration
0x00007ff820aaa000 	/usr/lib/libspindump.dylib
0x00007ff815fa0000 	/System/Library/Frameworks/UniformTypeIdentifiers.framework/Versions/A/UniformTypeIdentifiers
0x00007ff81a563000 	/usr/lib/libapp_launch_measurement.dylib
0x00007ff819247000 	/System/Library/PrivateFrameworks/CoreAnalytics.framework/Versions/A/CoreAnalytics
0x00007ff81a566000 	/System/Library/PrivateFrameworks/CoreAutoLayout.framework/Versions/A/CoreAutoLayout
0x00007ff81bde4000 	/System/Library/Frameworks/Metal.framework/Versions/A/Metal
0x00007ff81cd83000 	/usr/lib/liblangid.dylib
0x00007ff81c57d000 	/System/Library/PrivateFrameworks/CoreSVG.framework/Versions/A/CoreSVG
0x00007ff81695e000 	/System/Library/PrivateFrameworks/SkyLight.framework/Versions/A/SkyLight
0x00007ff816dc1000 	/System/Library/Frameworks/CoreGraphics.framework/Versions/A/CoreGraphics
0x00007ff826a12000 	/System/Library/Frameworks/Accelerate.framework/Versions/A/Accelerate
0x00007ff82090a000 	/System/Library/PrivateFrameworks/IconServices.framework/Versions/A/IconServices
0x00007ff81bdc5000 	/System/Library/Frameworks/IOSurface.framework/Versions/A/IOSurface
0x00007ff819273000 	/usr/lib/libDiagnosticMessagesClient.dylib
0x00007ff81eb74000 	/usr/lib/libz.1.dylib
0x00007ff82a444000 	/System/Library/Frameworks/ApplicationServices.framework/Versions/A/ApplicationServices
0x00007ff81c565000 	/System/Library/PrivateFrameworks/DFRFoundation.framework/Versions/A/DFRFoundation
0x00007ff814240000 	/usr/lib/libicucore.A.dylib
0x00007ff8226d8000 	/System/Library/Frameworks/AudioToolbox.framework/Versions/A/AudioToolbox
0x00007ff821745000 	/System/Library/PrivateFrameworks/DataDetectorsCore.framework/Versions/A/DataDetectorsCore
0x00007ff91bbfb000 	/System/Library/PrivateFrameworks/TextInput.framework/Versions/A/TextInput
0x00007ff8168b7000 	/usr/lib/libMobileGestalt.dylib
0x00007ff81c2ca000 	/System/Library/Frameworks/Carbon.framework/Versions/A/Frameworks/HIToolbox.framework/Versions/A/HIToolbox
0x00007ff819ebf000 	/System/Library/Frameworks/QuartzCore.framework/Versions/A/QuartzCore
0x00007ff813e92000 	/System/Library/Frameworks/Security.framework/Versions/A/Security
0x00007ff826375000 	/System/Library/Frameworks/Carbon.framework/Versions/A/Frameworks/SpeechRecognition.framework/Versions/A/SpeechRecognition
0x00007ff81a296000 	/System/Library/PrivateFrameworks/CoreUI.framework/Versions/A/CoreUI
0x00007ff813767000 	/System/Library/Frameworks/CoreAudio.framework/Versions/A/CoreAudio
0x00007ff819353000 	/System/Library/Frameworks/DiskArbitration.framework/Versions/A/DiskArbitration
0x00007ff820edc000 	/System/Library/PrivateFrameworks/MultitouchSupport.framework/Versions/A/MultitouchSupport
0x00007ff8168b6000 	/usr/lib/libenergytrace.dylib
0x00007ff9114ac000 	/System/Library/PrivateFrameworks/RenderBox.framework/Versions/A/RenderBox
0x00007ff814869000 	/System/Library/Frameworks/IOKit.framework/Versions/A/IOKit
0x00007ff82674a000 	/System/Library/Frameworks/CoreServices.framework/Versions/A/CoreServices
0x00007ff81a4fb000 	/System/Library/PrivateFrameworks/PerformanceAnalysis.framework/Versions/A/PerformanceAnalysis
0x00007ffa2ad59000 	/System/Library/Frameworks/OpenGL.framework/Versions/A/OpenGL
0x00007ff81a5af000 	/usr/lib/libxml2.2.dylib
0x00007ff81de46000 	/System/Library/PrivateFrameworks/MobileKeyBag.framework/Versions/A/MobileKeyBag
0x00007ff810f50000 	/usr/lib/libobjc.A.dylib
0x00007ff811252000 	/usr/lib/libc++.1.dylib
0x00007ff8266c6000 	/System/Library/Frameworks/Accessibility.framework/Versions/A/Accessibility
0x00007ff817657000 	/System/Library/Frameworks/ColorSync.framework/Versions/A/ColorSync
0x00007ff811385000 	/System/Library/Frameworks/CoreFoundation.framework/Versions/A/CoreFoundation
0x00007ff81c8f0000 	/System/Library/Frameworks/CoreImage.framework/Versions/A/CoreImage
0x00007ff813560000 	/System/Library/Frameworks/CoreText.framework/Versions/A/CoreText
0x00007ffb10f77000 	/System/Library/Frameworks/CoreTransferable.framework/Versions/A/CoreTransferable
0x00007ffb1137c000 	/System/Library/Frameworks/DeveloperToolsSupport.framework/Versions/A/DeveloperToolsSupport
0x00007ff81c5b6000 	/System/Library/Frameworks/ImageIO.framework/Versions/A/ImageIO
0x00007ffb15710000 	/System/Library/Frameworks/Symbols.framework/Versions/A/Symbols
0x00007ff81ec61000 	/System/Library/PrivateFrameworks/SoftLinking.framework/Versions/A/SoftLinking
0x00007ff822148000 	/usr/lib/swift/libswiftCore.dylib
0x00007ff9187bd000 	/usr/lib/swift/libswiftCoreFoundation.dylib
0x00007ff916416000 	/usr/lib/swift/libswiftCoreGraphics.dylib
0x00007ff9187fb000 	/usr/lib/swift/libswiftCoreImage.dylib
0x00007ff91641d000 	/usr/lib/swift/libswiftDarwin.dylib
0x00007ff8280b6000 	/usr/lib/swift/libswiftDispatch.dylib
0x00007ff9187fc000 	/usr/lib/swift/libswiftIOKit.dylib
0x00007ff924876000 	/usr/lib/swift/libswiftMetal.dylib
0x00007ffa11f41000 	/usr/lib/swift/libswiftOSLog.dylib
0x00007ff82a8b0000 	/usr/lib/swift/libswiftObjectiveC.dylib
0x00007ff928e38000 	/usr/lib/swift/libswiftQuartzCore.dylib
0x00007ff92cf46000 	/usr/lib/swift/libswiftUniformTypeIdentifiers.dylib
0x00007ff9187cd000 	/usr/lib/swift/libswiftXPC.dylib
0x00007ffc257fa000 	/usr/lib/swift/libswift_Concurrency.dylib
0x00007ff82a8b4000 	/usr/lib/swift/libswiftos.dylib
0x00007ff91bb5d000 	/usr/lib/swift/libswiftsimd.dylib
0x00007ff81edfa000 	/usr/lib/libcompression.dylib
0x00007ff821676000 	/System/Library/PrivateFrameworks/TextureIO.framework/Versions/A/TextureIO
0x00007ff820515000 	/usr/lib/libate.dylib
0x00007ff81ec56000 	/usr/lib/system/libcache.dylib
0x00007ff81ec12000 	/usr/lib/system/libcommonCrypto.dylib
0x00007ff81ec3a000 	/usr/lib/system/libcompiler_rt.dylib
0x00007ff81ec2f000 	/usr/lib/system/libcopyfile.dylib
0x00007ff811089000 	/usr/lib/system/libcorecrypto.dylib
0x00007ff811180000 	/usr/lib/system/libdispatch.dylib
0x00007ff81132a000 	/usr/lib/system/libdyld.dylib
0x00007ff81ec4c000 	/usr/lib/system/libkeymgr.dylib
0x00007ff81ebf3000 	/usr/lib/system/libmacho.dylib
0x00007ff81df22000 	/usr/lib/system/libquarantine.dylib
0x00007ff81ec4a000 	/usr/lib/system/libremovefile.dylib
0x00007ff816929000 	/usr/lib/system/libsystem_asl.dylib
0x00007ff811023000 	/usr/lib/system/libsystem_blocks.dylib
0x00007ff8111ca000 	/usr/lib/system/libsystem_c.dylib
0x00007ff81ec42000 	/usr/lib/system/libsystem_collections.dylib
0x00007ff81cd73000 	/usr/lib/system/libsystem_configuration.dylib
0x00007ff81bd9c000 	/usr/lib/system/libsystem_containermanager.dylib
0x00007ff81e844000 	/usr/lib/system/libsystem_coreservices.dylib
0x00007ff8144e1000 	/usr/lib/system/libsystem_darwin.dylib
0x00007ffc25b28000 	/usr/lib/system/libsystem_darwindirectory.dylib
0x00007ff81ec4d000 	/usr/lib/system/libsystem_dnssd.dylib
0x00007ffc25b2c000 	/usr/lib/system/libsystem_eligibility.dylib
0x00007ff8111c7000 	/usr/lib/system/libsystem_featureflags.dylib
0x00007ff81135a000 	/usr/lib/system/libsystem_info.dylib
0x00007ff81eb88000 	/usr/lib/system/libsystem_m.dylib
0x00007ff811140000 	/usr/lib/system/libsystem_malloc.dylib
0x00007ff81689d000 	/usr/lib/system/libsystem_networkextension.dylib
0x00007ff81492d000 	/usr/lib/system/libsystem_notify.dylib
0x00007ff81cd77000 	/usr/lib/system/libsystem_sandbox.dylib
0x00007ffc25b2f000 	/usr/lib/system/libsystem_sanitizers.dylib
0x00007ff81ec47000 	/usr/lib/system/libsystem_secinit.dylib
0x00007ff8112e3000 	/usr/lib/system/libsystem_kernel.dylib
0x00007ff81134f000 	/usr/lib/system/libsystem_platform.dylib
0x00007ff81131e000 	/usr/lib/system/libsystem_pthread.dylib
0x00007ff81859e000 	/usr/lib/system/libsystem_symptoms.dylib
0x00007ff81106f000 	/usr/lib/system/libsystem_trace.dylib
0x00007ff81ec1e000 	/usr/lib/system/libunwind.dylib
0x00007ff811027000 	/usr/lib/system/libxpc.dylib
0x00007ff8112cd000 	/usr/lib/libc++abi.dylib
0x00007ff81ec27000 	/usr/lib/liboah.dylib
0x00007ff82029b000 	/usr/lib/liblzma.5.dylib
0x00007ff81ec5e000 	/usr/lib/libfakelink.dylib
0x00007ff8164ee000 	/System/Library/Frameworks/CFNetwork.framework/Versions/A/CFNetwork
0x00007ff81ecb0000 	/usr/lib/libarchive.2.dylib
0x00007ff8245be000 	/System/Library/Frameworks/Combine.framework/Versions/A/Combine
0x00007ffb1ada2000 	/System/Library/PrivateFrameworks/CollectionsInternal.framework/Versions/A/CollectionsInternal
0x00007ffb301ae000 	/System/Library/PrivateFrameworks/ReflectionInternal.framework/Versions/A/ReflectionInternal
0x00007ffb3072e000 	/System/Library/PrivateFrameworks/RuntimeInternal.framework/Versions/A/RuntimeInternal
0x00007ffc25935000 	/usr/lib/swift/libswift_StringProcessing.dylib
0x00007ff8147e7000 	/System/Library/PrivateFrameworks/CoreServicesInternal.framework/Versions/A/CoreServicesInternal
0x00007ff81df47000 	/usr/lib/libbsm.0.dylib
0x00007ff81ebf9000 	/usr/lib/system/libkxld.dylib
0x00007ff81a52e000 	/System/Library/Frameworks/CoreServices.framework/Versions/A/Frameworks/FSEvents.framework/Versions/A/FSEvents
0x00007ff8144ec000 	/System/Library/Frameworks/CoreServices.framework/Versions/A/Frameworks/CarbonCore.framework/Versions/A/CarbonCore
0x00007ff8192bb000 	/System/Library/Frameworks/CoreServices.framework/Versions/A/Frameworks/Metadata.framework/Versions/A/Metadata
0x00007ff81e84a000 	/System/Library/Frameworks/CoreServices.framework/Versions/A/Frameworks/OSServices.framework/Versions/A/OSServices
0x00007ff81ed39000 	/System/Library/Frameworks/CoreServices.framework/Versions/A/Frameworks/SearchKit.framework/Versions/A/SearchKit
0x00007ff818524000 	/System/Library/Frameworks/CoreServices.framework/Versions/A/Frameworks/AE.framework/Versions/A/AE
0x00007ff81181f000 	/System/Library/Frameworks/CoreServices.framework/Versions/A/Frameworks/LaunchServices.framework/Versions/A/LaunchServices
0x00007ff82024c000 	/System/Library/Frameworks/CoreServices.framework/Versions/A/Frameworks/DictionaryServices.framework/Versions/A/DictionaryServices
0x00007ff81a53b000 	/System/Library/Frameworks/CoreServices.framework/Versions/A/Frameworks/SharedFileList.framework/Versions/A/SharedFileList
0x00007ff81edc4000 	/usr/lib/libapple_nghttp2.dylib
0x00007ff818199000 	/usr/lib/libsqlite3.dylib
0x00007ff8185a6000 	/System/Library/Frameworks/Network.framework/Versions/A/Network
0x00007ffc241aa000 	/usr/lib/libCoreEntitlements.dylib
0x00007ffb2b978000 	/System/Library/PrivateFrameworks/MessageSecurity.framework/Versions/A/MessageSecurity
0x00007ff818180000 	/System/Library/PrivateFrameworks/ProtocolBuffer.framework/Versions/A/ProtocolBuffer
0x00007ff81e767000 	/System/Library/PrivateFrameworks/AppleFSCompression.framework/Versions/A/AppleFSCompression
0x00007ff81df2f000 	/usr/lib/libcoretls.dylib
0x00007ff8202ba000 	/usr/lib/libcoretls_cfhelpers.dylib
0x00007ff81edf4000 	/usr/lib/libpam.2.dylib
0x00007ff820333000 	/usr/lib/libxar.1.dylib
0x00007ff8208e3000 	/usr/lib/libheimdal-asn1.dylib
0x00007ff8164ed000 	/usr/lib/libnetwork.dylib
0x00007ff81ec62000 	/usr/lib/libpcap.A.dylib
0x00007ff818594000 	/usr/lib/libdns_services.dylib
0x00007ff81cd7e000 	/System/Library/PrivateFrameworks/AppleSystemInfo.framework/Versions/A/AppleSystemInfo
0x00007ff81dc47000 	/System/Library/PrivateFrameworks/IOMobileFramebuffer.framework/Versions/A/IOMobileFramebuffer
0x00007ffc25887000 	/usr/lib/swift/libswift_RegexParser.dylib
0x00007ff81e835000 	/usr/lib/libbz2.1.0.dylib
0x00007ff81df25000 	/usr/lib/libCheckFix.dylib
0x00007ff816940000 	/System/Library/PrivateFrameworks/TCC.framework/Versions/A/TCC
0x00007ff81cd85000 	/System/Library/PrivateFrameworks/CoreNLP.framework/Versions/A/CoreNLP
0x00007ff819275000 	/System/Library/PrivateFrameworks/MetadataUtilities.framework/Versions/A/MetadataUtilities
0x00007ff81df57000 	/usr/lib/libmecab.dylib
0x00007ff811fec000 	/usr/lib/libCRFSuite.dylib
0x00007ff81dfb0000 	/usr/lib/libgermantok.dylib
0x00007ff81ed9f000 	/usr/lib/libThaiTokenizer.dylib
0x00007ff81935b000 	/System/Library/Frameworks/Accelerate.framework/Versions/A/Frameworks/vImage.framework/Versions/A/vImage
0x00007ff826720000 	/System/Library/Frameworks/Accelerate.framework/Versions/A/Frameworks/vecLib.framework/Versions/A/vecLib
0x00007ff820375000 	/System/Library/Frameworks/Accelerate.framework/Versions/A/Frameworks/vecLib.framework/Versions/A/libvMisc.dylib
0x00007ff81da17000 	/System/Library/Frameworks/Accelerate.framework/Versions/A/Frameworks/vecLib.framework/Versions/A/libvDSP.dylib
0x00007ff811c2c000 	/System/Library/Frameworks/Accelerate.framework/Versions/A/Frameworks/vecLib.framework/Versions/A/libBLAS.dylib
0x00007ff81eedc000 	/System/Library/Frameworks/Accelerate.framework/Versions/A/Frameworks/vecLib.framework/Versions/A/libLAPACK.dylib
0x00007ff81dfb3000 	/System/Library/Frameworks/Accelerate.framework/Versions/A/Frameworks/vecLib.framework/Versions/A/libLinearAlgebra.dylib
0x00007ff81eddf000 	/System/Library/Frameworks/Accelerate.framework/Versions/A/Frameworks/vecLib.framework/Versions/A/libSparseBLAS.dylib
0x00007ff81eed6000 	/System/Library/Frameworks/Accelerate.framework/Versions/A/Frameworks/vecLib.framework/Versions/A/libQuadrature.dylib
0x00007ff81ce9b000 	/System/Library/Frameworks/Accelerate.framework/Versions/A/Frameworks/vecLib.framework/Versions/A/libBNNS.dylib
0x00007ff811eed000 	/System/Library/Frameworks/Accelerate.framework/Versions/A/Frameworks/vecLib.framework/Versions/A/libSparse.dylib
0x00007ffb2a21d000 	/System/Library/PrivateFrameworks/MIL.framework/Versions/A/MIL
0x00007ff81ec98000 	/usr/lib/libiconv.2.dylib
0x00007ff81ebf2000 	/usr/lib/libcharset.1.dylib
0x00007ff81a512000 	/System/Library/Frameworks/OpenDirectory.framework/Versions/A/Frameworks/CFOpenDirectory.framework/Versions/A/CFOpenDirectory
0x00007ff81a506000 	/System/Library/Frameworks/OpenDirectory.framework/Versions/A/OpenDirectory
0x00007ff8202bc000 	/System/Library/PrivateFrameworks/APFS.framework/Versions/A/APFS
0x00007ff81de6a000 	/System/Library/Frameworks/SecurityFoundation.framework/Versions/A/SecurityFoundation
0x00007ff820341000 	/usr/lib/libutil.dylib
0x00007ffb2861d000 	/System/Library/PrivateFrameworks/InstalledContentLibrary.framework/Versions/A/InstalledContentLibrary
0x00007ff814829000 	/System/Library/PrivateFrameworks/CoreServicesStore.framework/Versions/A/CoreServicesStore
0x00007ffb18999000 	/System/Library/PrivateFrameworks/AppleMobileFileIntegrity.framework/Versions/A/AppleMobileFileIntegrity
0x00007ff91878f000 	/usr/lib/libmis.dylib
0x00007ff929314000 	/System/Library/PrivateFrameworks/MobileSystemServices.framework/Versions/A/MobileSystemServices
0x00007ffa26a27000 	/System/Library/PrivateFrameworks/ConfigProfileHelper.framework/Versions/A/ConfigProfileHelper
0x00007ff81eda1000 	/System/Library/PrivateFrameworks/AppleSauce.framework/Versions/A/AppleSauce
0x00007ff812eed000 	/System/Library/PrivateFrameworks/LanguageModeling.framework/Versions/A/LanguageModeling
0x00007ff820345000 	/usr/lib/libxslt.1.dylib
0x00007ff81ec9f000 	/usr/lib/libcmph.dylib
0x00007ff81dc15000 	/System/Library/PrivateFrameworks/CoreEmoji.framework/Versions/A/CoreEmoji
0x00007ff81ce95000 	/System/Library/PrivateFrameworks/LinguisticData.framework/Versions/A/LinguisticData
0x00007ff811e04000 	/System/Library/PrivateFrameworks/Lexicon.framework/Versions/A/Lexicon
0x00007ff81def3000 	/System/Library/PrivateFrameworks/BackgroundTaskManagement.framework/Versions/A/BackgroundTaskManagement
0x00007ffc24319000 	/usr/lib/libTLE.dylib
0x00007ff820da6000 	/System/Library/PrivateFrameworks/AppleJPEG.framework/Versions/A/AppleJPEG
0x00007ff8208c8000 	/usr/lib/libexpat.1.dylib
0x00007ff8214cf000 	/System/Library/Frameworks/ImageIO.framework/Versions/A/Resources/libPng.dylib
0x00007ff8214fc000 	/System/Library/Frameworks/ImageIO.framework/Versions/A/Resources/libTIFF.dylib
0x00007ff8215f0000 	/System/Library/Frameworks/ImageIO.framework/Versions/A/Resources/libGIF.dylib
0x00007ff820df2000 	/System/Library/Frameworks/ImageIO.framework/Versions/A/Resources/libJP2.dylib
0x00007ff821590000 	/System/Library/Frameworks/ImageIO.framework/Versions/A/Resources/libJPEG.dylib
0x00007ff821587000 	/System/Library/Frameworks/ImageIO.framework/Versions/A/Resources/libRadiance.dylib
0x00007ff81c16a000 	/System/Library/PrivateFrameworks/FontServices.framework/libFontParser.dylib
0x00007ff8184c1000 	/System/Library/PrivateFrameworks/RunningBoardServices.framework/Versions/A/RunningBoardServices
0x00007ff82d346000 	/System/Library/PrivateFrameworks/IOSurfaceAccelerator.framework/Versions/A/IOSurfaceAccelerator
0x00007ff820eda000 	/System/Library/PrivateFrameworks/WatchdogClient.framework/Versions/A/WatchdogClient
0x00007ff8130ba000 	/System/Library/Frameworks/CoreDisplay.framework/Versions/A/CoreDisplay
0x00007ff81c039000 	/System/Library/Frameworks/CoreMedia.framework/Versions/A/CoreMedia
0x00007ff81bddb000 	/System/Library/PrivateFrameworks/IOAccelerator.framework/Versions/A/IOAccelerator
0x00007ff81a68f000 	/System/Library/Frameworks/CoreVideo.framework/Versions/A/CoreVideo
0x00007ff81edf2000 	/System/Library/Frameworks/MetalPerformanceShaders.framework/Versions/A/MetalPerformanceShaders
0x00007ff820f19000 	/System/Library/Frameworks/VideoToolbox.framework/Versions/A/VideoToolbox
0x00007ff81a71c000 	/System/Library/PrivateFrameworks/UserManagement.framework/Versions/A/UserManagement
0x00007ff8183ea000 	/System/Library/PrivateFrameworks/BaseBoard.framework/Versions/A/BaseBoard
0x00007ff81cd7d000 	/System/Library/PrivateFrameworks/AggregateDictionary.framework/Versions/A/AggregateDictionary
0x00007ffb18797000 	/System/Library/PrivateFrameworks/AppleKeyStore.framework/Versions/A/AppleKeyStore
0x00007ff821580000 	/System/Library/PrivateFrameworks/GPUWrangler.framework/Versions/A/GPUWrangler
0x00007ff821564000 	/System/Library/PrivateFrameworks/IOPresentment.framework/Versions/A/IOPresentment
0x00007ff82158a000 	/System/Library/PrivateFrameworks/DSExternalDisplay.framework/Versions/A/DSExternalDisplay
0x00007ffb245df000 	/System/Library/PrivateFrameworks/GPUCompiler.framework/Versions/32023/Libraries/libllvm-flatbuffers.dylib
0x00007ffa2ad4d000 	/System/Library/Frameworks/OpenGL.framework/Versions/A/Libraries/libCoreFSCache.dylib
0x00007ffb21765000 	/System/Library/PrivateFrameworks/GPUCompiler.framework/Versions/32023/Libraries/libGPUCompilerUtils.dylib
0x00007ff8215f6000 	/System/Library/PrivateFrameworks/CMCaptureCore.framework/Versions/A/CMCaptureCore
0x00007ffb11478000 	/System/Library/Frameworks/ExtensionFoundation.framework/Versions/A/ExtensionFoundation
0x00007ff828907000 	/System/Library/PrivateFrameworks/CoreTime.framework/Versions/A/CoreTime
0x00007ff820a93000 	/System/Library/PrivateFrameworks/AppServerSupport.framework/Versions/A/AppServerSupport
0x00007ff823032000 	/System/Library/PrivateFrameworks/perfdata.framework/Versions/A/perfdata
0x00007ff8131e8000 	/System/Library/PrivateFrameworks/AudioToolboxCore.framework/Versions/A/AudioToolboxCore
0x00007ff81c013000 	/System/Library/PrivateFrameworks/caulk.framework/Versions/A/caulk
0x00007ff8228ca000 	/usr/lib/libAudioStatistics.dylib
0x00007ff917b2e000 	/System/Library/PrivateFrameworks/SystemPolicy.framework/Versions/A/SystemPolicy
0x00007ff822b8c000 	/usr/lib/libSMC.dylib
0x00007ff82c9cf000 	/System/Library/Frameworks/CoreMIDI.framework/Versions/A/CoreMIDI
0x00007ff821496000 	/usr/lib/libAudioToolboxUtility.dylib
0x00007ff913128000 	/System/Library/PrivateFrameworks/OSAServicesClient.framework/Versions/A/OSAServicesClient
0x00007ff823040000 	/usr/lib/libperfcheck.dylib
0x00007ff8283b2000 	/System/Library/PrivateFrameworks/BoardServices.framework/Versions/A/BoardServices
0x00007ff8207a8000 	/System/Library/PrivateFrameworks/PlugInKit.framework/Versions/A/PlugInKit
0x00007ff81de5d000 	/System/Library/PrivateFrameworks/AssertionServices.framework/Versions/A/AssertionServices
0x00007ffa15279000 	/System/Library/PrivateFrameworks/Symbolication.framework/Versions/A/Symbolication
0x00007ffb2f14e000 	/System/Library/PrivateFrameworks/PhotosensitivityProcessing.framework/Versions/A/PhotosensitivityProcessing
0x00007ffa2ba2c000 	/System/Library/Frameworks/OpenCL.framework/Versions/A/OpenCL
0x00007ff820a3e000 	/System/Library/PrivateFrameworks/GraphVisualizer.framework/Versions/A/GraphVisualizer
0x00007ffa2adaa000 	/System/Library/Frameworks/OpenGL.framework/Versions/A/Libraries/libGLU.dylib
0x00007ffa2ad6c000 	/System/Library/Frameworks/OpenGL.framework/Versions/A/Libraries/libGFXShared.dylib
0x00007ffa2af68000 	/System/Library/Frameworks/OpenGL.framework/Versions/A/Libraries/libGL.dylib
0x00007ffa2ad74000 	/System/Library/Frameworks/OpenGL.framework/Versions/A/Libraries/libGLImage.dylib
0x00007ffa2ad69000 	/System/Library/Frameworks/OpenGL.framework/Versions/A/Libraries/libCVMSPluginSupport.dylib
0x00007ffc242d5000 	/usr/lib/libRosetta.dylib
0x00007ffa2ad54000 	/System/Library/Frameworks/OpenGL.framework/Versions/A/Libraries/libCoreVMClient.dylib
0x00007ffb1fac8000 	/System/Library/PrivateFrameworks/FontServices.framework/Versions/A/FontServices
0x00007ff820a4d000 	/System/Library/PrivateFrameworks/OTSVG.framework/Versions/A/OTSVG
0x00007ff81a24a000 	/System/Library/Frameworks/ApplicationServices.framework/Versions/A/Frameworks/ATS.framework/Versions/A/Resources/libFontRegistry.dylib
0x00007ff820a9e000 	/System/Library/PrivateFrameworks/FontServices.framework/libhvf.dylib
0x00007ffb1fac9000 	/System/Library/PrivateFrameworks/FontServices.framework/libXTFontStaticRegistryData.dylib
0x00007ff81ccbc000 	/System/Library/Frameworks/MetalPerformanceShaders.framework/Versions/A/Frameworks/MPSCore.framework/Versions/A/MPSCore
0x00007ff81e6c1000 	/System/Library/Frameworks/MetalPerformanceShaders.framework/Versions/A/Frameworks/MPSImage.framework/Versions/A/MPSImage
0x00007ff81dfc9000 	/System/Library/Frameworks/MetalPerformanceShaders.framework/Versions/A/Frameworks/MPSNeuralNetwork.framework/Versions/A/MPSNeuralNetwork
0x00007ff81e538000 	/System/Library/Frameworks/MetalPerformanceShaders.framework/Versions/A/Frameworks/MPSMatrix.framework/Versions/A/MPSMatrix
0x00007ff81e2ea000 	/System/Library/Frameworks/MetalPerformanceShaders.framework/Versions/A/Frameworks/MPSRayIntersector.framework/Versions/A/MPSRayIntersector
0x00007ff81e577000 	/System/Library/Frameworks/MetalPerformanceShaders.framework/Versions/A/Frameworks/MPSNDArray.framework/Versions/A/MPSNDArray
0x00007ffb12c8d000 	/System/Library/Frameworks/MetalPerformanceShaders.framework/Versions/A/Frameworks/MPSFunctions.framework/Versions/A/MPSFunctions
0x00007ffb12c70000 	/System/Library/Frameworks/MetalPerformanceShaders.framework/Versions/A/Frameworks/MPSBenchmarkLoop.framework/Versions/A/MPSBenchmarkLoop
0x00007ff811adc000 	/System/Library/PrivateFrameworks/MetalTools.framework/Versions/A/MetalTools
0x00007ff91ceca000 	/System/Library/PrivateFrameworks/IOAccelMemoryInfo.framework/Versions/A/IOAccelMemoryInfo
0x00007ff929214000 	/System/Library/PrivateFrameworks/kperf.framework/Versions/A/kperf
0x00007ff9187b1000 	/System/Library/PrivateFrameworks/GPURawCounter.framework/Versions/A/GPURawCounter
0x00007ff8287dc000 	/System/Library/PrivateFrameworks/CoreSymbolication.framework/Versions/A/CoreSymbolication
0x00007ff918761000 	/System/Library/PrivateFrameworks/MallocStackLogging.framework/Versions/A/MallocStackLogging
0x00007ff82064d000 	/System/Library/PrivateFrameworks/CrashReporterSupport.framework/Versions/A/CrashReporterSupport
0x00007ff82879d000 	/System/Library/PrivateFrameworks/DebugSymbols.framework/Versions/A/DebugSymbols
0x00007ff927c19000 	/System/Library/PrivateFrameworks/OSAnalytics.framework/Versions/A/OSAnalytics
0x00007ffc1b5dc000 	/System/Library/PrivateFrameworks/VideoToolboxParavirtualizationSupport.framework/Versions/A/VideoToolboxParavirtualizationSupport
0x00007ff82087a000 	/System/Library/PrivateFrameworks/AppleVA.framework/Versions/A/AppleVA
0x00007ff82290a000 	/System/Library/Frameworks/ApplicationServices.framework/Versions/A/Frameworks/ATS.framework/Versions/A/ATS
0x00007ff817803000 	/System/Library/Frameworks/ApplicationServices.framework/Versions/A/Frameworks/HIServices.framework/Versions/A/HIServices
0x00007ff821604000 	/System/Library/Frameworks/ApplicationServices.framework/Versions/A/Frameworks/PrintCore.framework/Versions/A/PrintCore
0x00007ff822ce0000 	/System/Library/Frameworks/ApplicationServices.framework/Versions/A/Frameworks/QD.framework/Versions/A/QD
0x00007ff822cd9000 	/System/Library/Frameworks/ApplicationServices.framework/Versions/A/Frameworks/ColorSyncLegacy.framework/Versions/A/ColorSyncLegacy
0x00007ff8228e0000 	/System/Library/Frameworks/ApplicationServices.framework/Versions/A/Frameworks/SpeechSynthesis.framework/Versions/A/SpeechSynthesis
0x00007ff8215c0000 	/System/Library/Frameworks/ApplicationServices.framework/Versions/A/Frameworks/ATSUI.framework/Versions/A/ATSUI
0x00007ff822c6b000 	/usr/lib/libcups.2.dylib
0x00007ff82304f000 	/System/Library/Frameworks/Kerberos.framework/Versions/A/Kerberos
0x00007ff82305e000 	/System/Library/Frameworks/GSS.framework/Versions/A/GSS
0x00007ff822983000 	/usr/lib/libresolv.9.dylib
0x00007ff820ab0000 	/System/Library/PrivateFrameworks/Heimdal.framework/Versions/A/Heimdal
0x00007ff82a822000 	/System/Library/Frameworks/Kerberos.framework/Versions/A/Libraries/libHeimdalProxy.dylib
0x00007ff8230ac000 	/System/Library/PrivateFrameworks/CommonAuth.framework/Versions/A/CommonAuth
0x00007ffa303a6000 	/System/Library/Frameworks/AVFAudio.framework/Versions/A/AVFAudio
0x00007ff91316f000 	/System/Library/PrivateFrameworks/AXCoreUtilities.framework/Versions/A/AXCoreUtilities
0x00007ffb299bb000 	/System/Library/PrivateFrameworks/IsolatedCoreAudioClient.framework/Versions/A/IsolatedCoreAudioClient
0x00007ff822851000 	/System/Library/PrivateFrameworks/AudioSession.framework/Versions/A/AudioSession
0x00007ff824383000 	/System/Library/Frameworks/IOBluetooth.framework/Versions/A/IOBluetooth
0x00007ff820988000 	/System/Library/PrivateFrameworks/MediaExperience.framework/Versions/A/MediaExperience
0x00007ff8226a3000 	/System/Library/PrivateFrameworks/AudioSession.framework/libSessionUtility.dylib
0x00007ff822ceb000 	/System/Library/PrivateFrameworks/AudioResourceArbitration.framework/Versions/A/AudioResourceArbitration
0x00007ff827448000 	/System/Library/PrivateFrameworks/PowerLog.framework/Versions/A/PowerLog
0x00007ff827365000 	/System/Library/Frameworks/CoreBluetooth.framework/Versions/A/CoreBluetooth
0x00007ff82a823000 	/System/Library/Frameworks/AudioUnit.framework/Versions/A/AudioUnit
0x00007ff81dccf000 	/System/Library/PrivateFrameworks/CoreUtils.framework/Versions/A/CoreUtils
0x00007ffb1dfef000 	/System/Library/PrivateFrameworks/CoreUtilsExtras.framework/Versions/A/CoreUtilsExtras
0x00007ffb284b1000 	/System/Library/PrivateFrameworks/IO80211.framework/Versions/A/IO80211
0x00007ff8282f4000 	/System/Library/PrivateFrameworks/FrontBoardServices.framework/Versions/A/FrontBoardServices
0x00007ff829e07000 	/System/Library/PrivateFrameworks/BackBoardServices.framework/Versions/A/BackBoardServices
0x00007ff8208ec000 	/System/Library/PrivateFrameworks/IconFoundation.framework/Versions/A/IconFoundation
0x00007ff826365000 	/System/Library/PrivateFrameworks/SpeechRecognitionCore.framework/Versions/A/SpeechRecognitionCore
0x00007ff913188000 	/usr/lib/libAccessibility.dylib
0x00007ff826a5b000 	/System/Library/Frameworks/MediaAccessibility.framework/Versions/A/MediaAccessibility
0x00007ffa18c00000 	/System/Library/Frameworks/OSLog.framework/Versions/A/OSLog
0x00007ff9186ec000 	/System/Library/PrivateFrameworks/LoggingSupport.framework/Versions/A/LoggingSupport
0x000000010e2c0000 	/Users/markling/.p2/pool/plugins/org.eclipse.justj.openjdk.hotspot.jre.full.macosx.x86_64_22.0.2.v20240802-1626/jre/lib/server/libjvm.dylib
0x000000010ca84000 	/Users/markling/.p2/pool/plugins/org.eclipse.justj.openjdk.hotspot.jre.full.macosx.x86_64_22.0.2.v20240802-1626/jre/lib/libjimage.dylib
0x000000010cad4000 	/Users/markling/.p2/pool/plugins/org.eclipse.justj.openjdk.hotspot.jre.full.macosx.x86_64_22.0.2.v20240802-1626/jre/lib/libjava.dylib
0x000000010dfcf000 	/Users/markling/.p2/pool/plugins/org.eclipse.justj.openjdk.hotspot.jre.full.macosx.x86_64_22.0.2.v20240802-1626/jre/lib/libzip.dylib
0x000000010e177000 	/Users/markling/.p2/pool/plugins/org.eclipse.justj.openjdk.hotspot.jre.full.macosx.x86_64_22.0.2.v20240802-1626/jre/lib/libnio.dylib
0x000000010e1b5000 	/Users/markling/.p2/pool/plugins/org.eclipse.justj.openjdk.hotspot.jre.full.macosx.x86_64_22.0.2.v20240802-1626/jre/lib/libnet.dylib
0x0000000129b82000 	/Users/markling/.p2/pool/plugins/org.eclipse.justj.openjdk.hotspot.jre.full.macosx.x86_64_22.0.2.v20240802-1626/jre/lib/libextnet.dylib
0x0000000129ba3000 	/Users/markling/.p2/pool/plugins/org.eclipse.justj.openjdk.hotspot.jre.full.macosx.x86_64_22.0.2.v20240802-1626/jre/lib/libverify.dylib


VM Arguments:
jvm_args: -enableassertions -ea -Dfile.encoding=UTF-8 -Dstdout.encoding=UTF-8 -Dstderr.encoding=UTF-8 -XX:+ShowCodeDetailsInExceptionMessages 
java_command: org.eclipse.jdt.internal.junit.runner.RemoteTestRunner -version 3 -port 51673 -testLoaderClass org.eclipse.jdt.internal.junit4.runner.JUnit4TestLoader -loaderpluginname org.eclipse.jdt.junit4.runtime -classNames Map4Test1009
java_class_path (initial): /Users/markling/Downloads/workspace/MapWithHashing/bin:/Users/markling/Downloads/components.jar:/Users/markling/.p2/pool/plugins/org.junit_4.13.2.v20230809-1000.jar:/Users/markling/.p2/pool/plugins/org.hamcrest_2.2.0.jar:/Users/markling/.p2/pool/plugins/org.hamcrest.core_2.2.0.v20230809-1000.jar:/Applications/Eclipse.app/Contents/Eclipse/configuration/org.eclipse.osgi/857/0/.cp:/Applications/Eclipse.app/Contents/Eclipse/configuration/org.eclipse.osgi/856/0/.cp
Launcher Type: SUN_STANDARD

[Global flags]
     intx CICompilerCount                          = 4                                         {product} {ergonomic}
     uint ConcGCThreads                            = 2                                         {product} {ergonomic}
     uint G1ConcRefinementThreads                  = 8                                         {product} {ergonomic}
   size_t G1HeapRegionSize                         = 2097152                                   {product} {ergonomic}
   size_t InitialHeapSize                          = 268435456                                 {product} {ergonomic}
   size_t MarkStackSize                            = 4194304                                   {product} {ergonomic}
   size_t MaxHeapSize                              = 4294967296                                {product} {ergonomic}
   size_t MaxNewSize                               = 2575302656                                {product} {ergonomic}
   size_t MinHeapDeltaBytes                        = 2097152                                   {product} {ergonomic}
   size_t MinHeapSize                              = 8388608                                   {product} {ergonomic}
    uintx NonNMethodCodeHeapSize                   = 5839372                                {pd product} {ergonomic}
    uintx NonProfiledCodeHeapSize                  = 122909434                              {pd product} {ergonomic}
    uintx ProfiledCodeHeapSize                     = 122909434                              {pd product} {ergonomic}
    uintx ReservedCodeCacheSize                    = 251658240                              {pd product} {ergonomic}
     bool SegmentedCodeCache                       = true                                      {product} {ergonomic}
     bool ShowCodeDetailsInExceptionMessages       = true                                   {manageable} {command line}
   size_t SoftMaxHeapSize                          = 4294967296                             {manageable} {ergonomic}
     bool UseCompressedOops                        = true                           {product lp64_product} {ergonomic}
     bool UseG1GC                                  = true                                      {product} {ergonomic}
     bool UseNUMA                                  = false                                     {product} {ergonomic}
     bool UseNUMAInterleaving                      = false                                     {product} {ergonomic}

Logging:
Log output configuration:
 #0: stdout all=warning uptime,level,tags foldmultilines=false
 #1: stderr all=off uptime,level,tags foldmultilines=false

Environment Variables:
PATH=/usr/bin:/bin:/usr/sbin:/sbin
SHELL=/bin/zsh
TMPDIR=/var/folders/my/j6p9g5tj3jx4z2bt2jncl4nh0000gn/T/

Active Locale:
LC_ALL=C
LC_COLLATE=C
LC_CTYPE=C
LC_MESSAGES=C
LC_MONETARY=C
LC_NUMERIC=C
LC_TIME=C

Signal Handlers:
   SIGSEGV: crash_handler in libjvm.dylib, mask=11100110100111111111111111111111, flags=SA_ONSTACK|SA_RESTART|SA_SIGINFO, unblocked
    SIGBUS: crash_handler in libjvm.dylib, mask=11100110100111111111111111111111, flags=SA_RESTART|SA_SIGINFO, unblocked
    SIGFPE: crash_handler in libjvm.dylib, mask=11100110100111111111111111111111, flags=SA_RESTART|SA_SIGINFO, unblocked
   SIGPIPE: javaSignalHandler in libjvm.dylib, mask=11100110100111111111111111111111, flags=SA_RESTART|SA_SIGINFO, blocked
   SIGXFSZ: javaSignalHandler in libjvm.dylib, mask=11100110100111111111111111111111, flags=SA_RESTART|SA_SIGINFO, blocked
    SIGILL: crash_handler in libjvm.dylib, mask=11100110100111111111111111111111, flags=SA_RESTART|SA_SIGINFO, unblocked
   SIGUSR2: SR_handler in libjvm.dylib, mask=00000000000000000000000000000000, flags=SA_RESTART|SA_SIGINFO, blocked
    SIGHUP: UserHandler in libjvm.dylib, mask=11100110100111111111111111111111, flags=SA_RESTART|SA_SIGINFO, blocked
    SIGINT: UserHandler in libjvm.dylib, mask=11100110100111111111111111111111, flags=SA_RESTART|SA_SIGINFO, blocked
   SIGTERM: UserHandler in libjvm.dylib, mask=11100110100111111111111111111111, flags=SA_RESTART|SA_SIGINFO, blocked
   SIGQUIT: UserHandler in libjvm.dylib, mask=11100110100111111111111111111111, flags=SA_RESTART|SA_SIGINFO, blocked
   SIGTRAP: crash_handler in libjvm.dylib, mask=11100110100111111111111111111111, flags=SA_RESTART|SA_SIGINFO, unblocked


Periodic native trim disabled

---------------  S Y S T E M  ---------------

OS:
uname: Darwin 23.6.0 Darwin Kernel Version 23.6.0: Mon Jul 29 21:16:46 PDT 2024; root:xnu-10063.141.2~1/RELEASE_ARM64_T8112 x86_64
OS uptime: 0 days 14:25 hours
rlimit (soft/hard): STACK 8176k/65520k , CORE 0k/infinity , NPROC 2666/4000 , NOFILE 10240/infinity , AS infinity/infinity , CPU infinity/infinity , DATA infinity/infinity , FSIZE infinity/infinity , MEMLOCK infinity/infinity , RSS infinity/infinity
load average: 2.10 2.20 2.41

CPU: (EMULATED) total 8 (initial active 8) (1 cores per cpu, 1 threads per core) family 6 model 44 stepping 0 microcode 0x0, cx8, cmov, fxsr, mmx, sse, sse2, sse3, ssse3, sse4.1, sse4.2, popcnt, tsc, tscinvbit, aes, clmul, clflush, rdtscp
machdep.cpu.brand_string:Apple M2
hw.cpufrequency:2400000000
hw.cpufrequency_min:2400000000
hw.cpufrequency_max:2400000000
hw.cachelinesize:64
hw.l1icachesize:131072
hw.l1dcachesize:65536
hw.l2cachesize:4194304

Memory: 4k page, physical 16777216k(15072k free), swap 0k(0k free)

vm_info: OpenJDK 64-Bit Server VM (22.0.2+9) for bsd-amd64 JRE (22.0.2+9), built on 2024-07-16T00:00:00Z by "admin" with clang Apple LLVM 15.0.0 (clang-1500.1.0.2.5)

END.
